{"/Users/gokul/Desktop/online-grocery/online-grocery/frontend/src/App.js": {"path":"/Users/gokul/Desktop/online-grocery/online-grocery/frontend/src/App.js","statementMap":{"0":{"start":{"line":18,"column":2},"end":{"line":18,"column":73}},"1":{"start":{"line":18,"column":8},"end":{"line":18,"column":47}},"2":{"start":{"line":18,"column":58},"end":{"line":18,"column":71}},"3":{"start":{"line":21,"column":2},"end":{"line":21,"column":112}},"4":{"start":{"line":21,"column":8},"end":{"line":21,"column":87}},"5":{"start":{"line":21,"column":98},"end":{"line":21,"column":110}},"6":{"start":{"line":24,"column":21},"end":{"line":33,"column":1}},"7":{"start":{"line":25,"column":2},"end":{"line":32,"column":4}},"8":{"start":{"line":28,"column":6},"end":{"line":28,"column":99}},"9":{"start":{"line":28,"column":23},"end":{"line":28,"column":99}},"10":{"start":{"line":29,"column":6},"end":{"line":29,"column":139}},"11":{"start":{"line":29,"column":63},"end":{"line":29,"column":139}},"12":{"start":{"line":30,"column":6},"end":{"line":30,"column":38}},"13":{"start":{"line":36,"column":2},"end":{"line":53,"column":4}}},"fnMap":{"0":{"name":"isAuthed","decl":{"start":{"line":17,"column":9},"end":{"line":17,"column":17}},"loc":{"start":{"line":17,"column":20},"end":{"line":19,"column":1}},"line":17},"1":{"name":"getRole","decl":{"start":{"line":20,"column":9},"end":{"line":20,"column":16}},"loc":{"start":{"line":20,"column":19},"end":{"line":22,"column":1}},"line":20},"2":{"name":"(anonymous_2)","decl":{"start":{"line":24,"column":21},"end":{"line":24,"column":22}},"loc":{"start":{"line":25,"column":2},"end":{"line":32,"column":4}},"line":25},"3":{"name":"(anonymous_3)","decl":{"start":{"line":27,"column":12},"end":{"line":27,"column":13}},"loc":{"start":{"line":27,"column":23},"end":{"line":31,"column":5}},"line":27},"4":{"name":"App","decl":{"start":{"line":35,"column":9},"end":{"line":35,"column":12}},"loc":{"start":{"line":35,"column":15},"end":{"line":54,"column":1}},"line":35}},"branchMap":{"0":{"loc":{"start":{"line":21,"column":15},"end":{"line":21,"column":86}},"type":"binary-expr","locations":[{"start":{"line":21,"column":15},"end":{"line":21,"column":78}},{"start":{"line":21,"column":82},"end":{"line":21,"column":86}}],"line":21},"1":{"loc":{"start":{"line":21,"column":26},"end":{"line":21,"column":71}},"type":"binary-expr","locations":[{"start":{"line":21,"column":26},"end":{"line":21,"column":61}},{"start":{"line":21,"column":65},"end":{"line":21,"column":71}}],"line":21},"2":{"loc":{"start":{"line":28,"column":6},"end":{"line":28,"column":99}},"type":"if","locations":[{"start":{"line":28,"column":6},"end":{"line":28,"column":99}},{"start":{},"end":{}}],"line":28},"3":{"loc":{"start":{"line":29,"column":6},"end":{"line":29,"column":139}},"type":"if","locations":[{"start":{"line":29,"column":6},"end":{"line":29,"column":139}},{"start":{},"end":{}}],"line":29},"4":{"loc":{"start":{"line":29,"column":10},"end":{"line":29,"column":61}},"type":"binary-expr","locations":[{"start":{"line":29,"column":10},"end":{"line":29,"column":15}},{"start":{"line":29,"column":19},"end":{"line":29,"column":31}},{"start":{"line":29,"column":35},"end":{"line":29,"column":61}}],"line":29}},"s":{"0":0,"1":0,"2":0,"3":0,"4":0,"5":0,"6":0,"7":0,"8":0,"9":0,"10":0,"11":0,"12":0,"13":0},"f":{"0":0,"1":0,"2":0,"3":0,"4":0},"b":{"0":[0,0],"1":[0,0],"2":[0,0],"3":[0,0],"4":[0,0,0]}}
,"/Users/gokul/Desktop/online-grocery/online-grocery/frontend/src/index.js": {"path":"/Users/gokul/Desktop/online-grocery/online-grocery/frontend/src/index.js","statementMap":{"0":{"start":{"line":8,"column":13},"end":{"line":8,"column":65}},"1":{"start":{"line":9,"column":0},"end":{"line":13,"column":2}}},"fnMap":{},"branchMap":{},"s":{"0":0,"1":0},"f":{},"b":{}}
,"/Users/gokul/Desktop/online-grocery/online-grocery/frontend/src/mockApi.js": {"path":"/Users/gokul/Desktop/online-grocery/online-grocery/frontend/src/mockApi.js","statementMap":{"0":{"start":{"line":3,"column":12},"end":{"line":3,"column":72}},"1":{"start":{"line":4,"column":17},"end":{"line":4,"column":52}},"2":{"start":{"line":4,"column":23},"end":{"line":4,"column":52}},"3":{"start":{"line":5,"column":20},"end":{"line":5,"column":87}},"4":{"start":{"line":5,"column":27},"end":{"line":5,"column":86}},"5":{"start":{"line":8,"column":2},"end":{"line":10,"column":3}},"6":{"start":{"line":9,"column":4},"end":{"line":9,"column":54}},"7":{"start":{"line":9,"column":10},"end":{"line":9,"column":43}},"8":{"start":{"line":11,"column":15},"end":{"line":11,"column":49}},"9":{"start":{"line":11,"column":45},"end":{"line":11,"column":47}},"10":{"start":{"line":12,"column":2},"end":{"line":12,"column":106}},"11":{"start":{"line":12,"column":15},"end":{"line":12,"column":106}},"12":{"start":{"line":13,"column":2},"end":{"line":13,"column":14}},"13":{"start":{"line":16,"column":28},"end":{"line":24,"column":1}},"14":{"start":{"line":17,"column":14},"end":{"line":21,"column":4}},"15":{"start":{"line":22,"column":15},"end":{"line":22,"column":36}},"16":{"start":{"line":23,"column":2},"end":{"line":23,"column":42}},"17":{"start":{"line":26,"column":25},"end":{"line":35,"column":1}},"18":{"start":{"line":27,"column":14},"end":{"line":31,"column":4}},"19":{"start":{"line":32,"column":15},"end":{"line":32,"column":36}},"20":{"start":{"line":33,"column":2},"end":{"line":33,"column":60}},"21":{"start":{"line":33,"column":18},"end":{"line":33,"column":60}},"22":{"start":{"line":34,"column":2},"end":{"line":34,"column":78}},"23":{"start":{"line":37,"column":29},"end":{"line":44,"column":1}},"24":{"start":{"line":38,"column":2},"end":{"line":38,"column":64}},"25":{"start":{"line":39,"column":14},"end":{"line":39,"column":44}},"26":{"start":{"line":40,"column":2},"end":{"line":40,"column":59}},"27":{"start":{"line":41,"column":17},"end":{"line":41,"column":38}},"28":{"start":{"line":42,"column":2},"end":{"line":42,"column":76}},"29":{"start":{"line":43,"column":2},"end":{"line":43,"column":16}},"30":{"start":{"line":46,"column":29},"end":{"line":61,"column":1}},"31":{"start":{"line":47,"column":2},"end":{"line":47,"column":52}},"32":{"start":{"line":48,"column":2},"end":{"line":48,"column":45}},"33":{"start":{"line":49,"column":2},"end":{"line":49,"column":46}},"34":{"start":{"line":51,"column":14},"end":{"line":55,"column":4}},"35":{"start":{"line":57,"column":2},"end":{"line":57,"column":50}},"36":{"start":{"line":58,"column":17},"end":{"line":58,"column":38}},"37":{"start":{"line":59,"column":2},"end":{"line":59,"column":44}},"38":{"start":{"line":60,"column":2},"end":{"line":60,"column":16}},"39":{"start":{"line":63,"column":29},"end":{"line":70,"column":1}},"40":{"start":{"line":64,"column":14},"end":{"line":68,"column":4}},"41":{"start":{"line":69,"column":2},"end":{"line":69,"column":25}},"42":{"start":{"line":72,"column":32},"end":{"line":75,"column":1}},"43":{"start":{"line":73,"column":14},"end":{"line":73,"column":96}},"44":{"start":{"line":74,"column":2},"end":{"line":74,"column":25}},"45":{"start":{"line":77,"column":27},"end":{"line":80,"column":1}},"46":{"start":{"line":78,"column":14},"end":{"line":78,"column":70}},"47":{"start":{"line":79,"column":2},"end":{"line":79,"column":25}},"48":{"start":{"line":82,"column":30},"end":{"line":89,"column":1}},"49":{"start":{"line":83,"column":14},"end":{"line":87,"column":4}},"50":{"start":{"line":88,"column":2},"end":{"line":88,"column":25}},"51":{"start":{"line":91,"column":36},"end":{"line":98,"column":1}},"52":{"start":{"line":92,"column":14},"end":{"line":96,"column":4}},"53":{"start":{"line":97,"column":2},"end":{"line":97,"column":25}},"54":{"start":{"line":100,"column":30},"end":{"line":107,"column":1}},"55":{"start":{"line":101,"column":14},"end":{"line":105,"column":4}},"56":{"start":{"line":106,"column":2},"end":{"line":106,"column":25}},"57":{"start":{"line":109,"column":27},"end":{"line":112,"column":1}},"58":{"start":{"line":110,"column":14},"end":{"line":110,"column":70}},"59":{"start":{"line":111,"column":2},"end":{"line":111,"column":25}},"60":{"start":{"line":114,"column":26},"end":{"line":117,"column":1}},"61":{"start":{"line":115,"column":14},"end":{"line":115,"column":69}},"62":{"start":{"line":116,"column":2},"end":{"line":116,"column":25}}},"fnMap":{"0":{"name":"(anonymous_0)","decl":{"start":{"line":4,"column":17},"end":{"line":4,"column":18}},"loc":{"start":{"line":4,"column":23},"end":{"line":4,"column":52}},"line":4},"1":{"name":"(anonymous_1)","decl":{"start":{"line":5,"column":20},"end":{"line":5,"column":21}},"loc":{"start":{"line":5,"column":27},"end":{"line":5,"column":86}},"line":5},"2":{"name":"handleJson","decl":{"start":{"line":7,"column":15},"end":{"line":7,"column":25}},"loc":{"start":{"line":7,"column":31},"end":{"line":14,"column":1}},"line":7},"3":{"name":"(anonymous_3)","decl":{"start":{"line":11,"column":38},"end":{"line":11,"column":39}},"loc":{"start":{"line":11,"column":45},"end":{"line":11,"column":47}},"line":11},"4":{"name":"(anonymous_4)","decl":{"start":{"line":16,"column":28},"end":{"line":16,"column":29}},"loc":{"start":{"line":16,"column":48},"end":{"line":24,"column":1}},"line":16},"5":{"name":"(anonymous_5)","decl":{"start":{"line":26,"column":25},"end":{"line":26,"column":26}},"loc":{"start":{"line":26,"column":56},"end":{"line":35,"column":1}},"line":26},"6":{"name":"(anonymous_6)","decl":{"start":{"line":37,"column":29},"end":{"line":37,"column":30}},"loc":{"start":{"line":37,"column":41},"end":{"line":44,"column":1}},"line":37},"7":{"name":"(anonymous_7)","decl":{"start":{"line":46,"column":29},"end":{"line":46,"column":30}},"loc":{"start":{"line":46,"column":48},"end":{"line":61,"column":1}},"line":46},"8":{"name":"(anonymous_8)","decl":{"start":{"line":63,"column":29},"end":{"line":63,"column":30}},"loc":{"start":{"line":63,"column":52},"end":{"line":70,"column":1}},"line":63},"9":{"name":"(anonymous_9)","decl":{"start":{"line":72,"column":32},"end":{"line":72,"column":33}},"loc":{"start":{"line":72,"column":46},"end":{"line":75,"column":1}},"line":72},"10":{"name":"(anonymous_10)","decl":{"start":{"line":77,"column":27},"end":{"line":77,"column":28}},"loc":{"start":{"line":77,"column":39},"end":{"line":80,"column":1}},"line":77},"11":{"name":"(anonymous_11)","decl":{"start":{"line":82,"column":30},"end":{"line":82,"column":31}},"loc":{"start":{"line":82,"column":47},"end":{"line":89,"column":1}},"line":82},"12":{"name":"(anonymous_12)","decl":{"start":{"line":91,"column":36},"end":{"line":91,"column":37}},"loc":{"start":{"line":91,"column":58},"end":{"line":98,"column":1}},"line":91},"13":{"name":"(anonymous_13)","decl":{"start":{"line":100,"column":30},"end":{"line":100,"column":31}},"loc":{"start":{"line":100,"column":56},"end":{"line":107,"column":1}},"line":100},"14":{"name":"(anonymous_14)","decl":{"start":{"line":109,"column":27},"end":{"line":109,"column":28}},"loc":{"start":{"line":109,"column":39},"end":{"line":112,"column":1}},"line":109},"15":{"name":"(anonymous_15)","decl":{"start":{"line":114,"column":26},"end":{"line":114,"column":27}},"loc":{"start":{"line":114,"column":38},"end":{"line":117,"column":1}},"line":114}},"branchMap":{"0":{"loc":{"start":{"line":3,"column":12},"end":{"line":3,"column":72}},"type":"binary-expr","locations":[{"start":{"line":3,"column":12},"end":{"line":3,"column":41}},{"start":{"line":3,"column":45},"end":{"line":3,"column":72}}],"line":3},"1":{"loc":{"start":{"line":5,"column":27},"end":{"line":5,"column":86}},"type":"cond-expr","locations":[{"start":{"line":5,"column":40},"end":{"line":5,"column":81}},{"start":{"line":5,"column":84},"end":{"line":5,"column":86}}],"line":5},"2":{"loc":{"start":{"line":8,"column":2},"end":{"line":10,"column":3}},"type":"if","locations":[{"start":{"line":8,"column":2},"end":{"line":10,"column":3}},{"start":{},"end":{}}],"line":8},"3":{"loc":{"start":{"line":12,"column":2},"end":{"line":12,"column":106}},"type":"if","locations":[{"start":{"line":12,"column":2},"end":{"line":12,"column":106}},{"start":{},"end":{}}],"line":12},"4":{"loc":{"start":{"line":12,"column":45},"end":{"line":12,"column":73}},"type":"binary-expr","locations":[{"start":{"line":12,"column":45},"end":{"line":12,"column":53}},{"start":{"line":12,"column":57},"end":{"line":12,"column":73}}],"line":12},"5":{"loc":{"start":{"line":33,"column":2},"end":{"line":33,"column":60}},"type":"if","locations":[{"start":{"line":33,"column":2},"end":{"line":33,"column":60}},{"start":{},"end":{}}],"line":33}},"s":{"0":6,"1":6,"2":0,"3":6,"4":0,"5":0,"6":0,"7":0,"8":0,"9":0,"10":0,"11":0,"12":0,"13":6,"14":0,"15":0,"16":0,"17":6,"18":0,"19":0,"20":0,"21":0,"22":0,"23":6,"24":0,"25":0,"26":0,"27":0,"28":0,"29":0,"30":6,"31":0,"32":0,"33":0,"34":0,"35":0,"36":0,"37":0,"38":0,"39":6,"40":0,"41":0,"42":6,"43":0,"44":0,"45":6,"46":0,"47":0,"48":6,"49":0,"50":0,"51":6,"52":0,"53":0,"54":6,"55":0,"56":0,"57":6,"58":0,"59":0,"60":6,"61":0,"62":0},"f":{"0":0,"1":0,"2":0,"3":0,"4":0,"5":0,"6":0,"7":0,"8":0,"9":0,"10":0,"11":0,"12":0,"13":0,"14":0,"15":0},"b":{"0":[6,6],"1":[0,0],"2":[0,0],"3":[0,0],"4":[0,0],"5":[0,0]},"_coverageSchema":"1a1c01bbd47fc00a2c39e90264f33305004495a9","hash":"88272ab01b0bd7b7e37ce56f45028ce13293522e"}
,"/Users/gokul/Desktop/online-grocery/online-grocery/frontend/src/reportWebVitals.js": {"path":"/Users/gokul/Desktop/online-grocery/online-grocery/frontend/src/reportWebVitals.js","statementMap":{"0":{"start":{"line":1,"column":24},"end":{"line":11,"column":1}},"1":{"start":{"line":2,"column":2},"end":{"line":10,"column":3}},"2":{"start":{"line":3,"column":4},"end":{"line":9,"column":7}},"3":{"start":{"line":4,"column":6},"end":{"line":4,"column":26}},"4":{"start":{"line":5,"column":6},"end":{"line":5,"column":26}},"5":{"start":{"line":6,"column":6},"end":{"line":6,"column":26}},"6":{"start":{"line":7,"column":6},"end":{"line":7,"column":26}},"7":{"start":{"line":8,"column":6},"end":{"line":8,"column":27}}},"fnMap":{"0":{"name":"(anonymous_0)","decl":{"start":{"line":1,"column":24},"end":{"line":1,"column":25}},"loc":{"start":{"line":1,"column":39},"end":{"line":11,"column":1}},"line":1},"1":{"name":"(anonymous_1)","decl":{"start":{"line":3,"column":30},"end":{"line":3,"column":31}},"loc":{"start":{"line":3,"column":79},"end":{"line":9,"column":5}},"line":3}},"branchMap":{"0":{"loc":{"start":{"line":2,"column":2},"end":{"line":10,"column":3}},"type":"if","locations":[{"start":{"line":2,"column":2},"end":{"line":10,"column":3}},{"start":{},"end":{}}],"line":2},"1":{"loc":{"start":{"line":2,"column":6},"end":{"line":2,"column":52}},"type":"binary-expr","locations":[{"start":{"line":2,"column":6},"end":{"line":2,"column":17}},{"start":{"line":2,"column":21},"end":{"line":2,"column":52}}],"line":2}},"s":{"0":0,"1":0,"2":0,"3":0,"4":0,"5":0,"6":0,"7":0},"f":{"0":0,"1":0},"b":{"0":[0,0],"1":[0,0]}}
,"/Users/gokul/Desktop/online-grocery/online-grocery/frontend/src/components/Cart.js": {"path":"/Users/gokul/Desktop/online-grocery/online-grocery/frontend/src/components/Cart.js","statementMap":{"0":{"start":{"line":4,"column":13},"end":{"line":25,"column":1}},"1":{"start":{"line":5,"column":16},"end":{"line":5,"column":63}},"2":{"start":{"line":5,"column":43},"end":{"line":5,"column":59}},"3":{"start":{"line":7,"column":2},"end":{"line":24,"column":4}},"4":{"start":{"line":15,"column":12},"end":{"line":18,"column":17}},"5":{"start":{"line":17,"column":37},"end":{"line":17,"column":57}}},"fnMap":{"0":{"name":"(anonymous_0)","decl":{"start":{"line":4,"column":13},"end":{"line":4,"column":14}},"loc":{"start":{"line":4,"column":43},"end":{"line":25,"column":1}},"line":4},"1":{"name":"(anonymous_1)","decl":{"start":{"line":5,"column":28},"end":{"line":5,"column":29}},"loc":{"start":{"line":5,"column":43},"end":{"line":5,"column":59}},"line":5},"2":{"name":"(anonymous_2)","decl":{"start":{"line":14,"column":20},"end":{"line":14,"column":21}},"loc":{"start":{"line":15,"column":12},"end":{"line":18,"column":17}},"line":15},"3":{"name":"(anonymous_3)","decl":{"start":{"line":17,"column":31},"end":{"line":17,"column":32}},"loc":{"start":{"line":17,"column":37},"end":{"line":17,"column":57}},"line":17}},"branchMap":{"0":{"loc":{"start":{"line":10,"column":7},"end":{"line":21,"column":7}},"type":"cond-expr","locations":[{"start":{"line":11,"column":8},"end":{"line":11,"column":28}},{"start":{"line":13,"column":8},"end":{"line":20,"column":13}}],"line":10}},"s":{"0":0,"1":0,"2":0,"3":0,"4":0,"5":0},"f":{"0":0,"1":0,"2":0,"3":0},"b":{"0":[0,0]}}
,"/Users/gokul/Desktop/online-grocery/online-grocery/frontend/src/components/Modal.js": {"path":"/Users/gokul/Desktop/online-grocery/online-grocery/frontend/src/components/Modal.js","statementMap":{"0":{"start":{"line":4,"column":14},"end":{"line":24,"column":1}},"1":{"start":{"line":5,"column":25},"end":{"line":8,"column":3}},"2":{"start":{"line":6,"column":4},"end":{"line":6,"column":77}},"3":{"start":{"line":7,"column":4},"end":{"line":7,"column":14}},"4":{"start":{"line":10,"column":2},"end":{"line":23,"column":4}}},"fnMap":{"0":{"name":"(anonymous_0)","decl":{"start":{"line":4,"column":14},"end":{"line":4,"column":15}},"loc":{"start":{"line":4,"column":40},"end":{"line":24,"column":1}},"line":4},"1":{"name":"(anonymous_1)","decl":{"start":{"line":5,"column":25},"end":{"line":5,"column":26}},"loc":{"start":{"line":5,"column":31},"end":{"line":8,"column":3}},"line":5}},"branchMap":{},"s":{"0":0,"1":0,"2":0,"3":0,"4":0},"f":{"0":0,"1":0},"b":{}}
,"/Users/gokul/Desktop/online-grocery/online-grocery/frontend/src/components/Navbar.js": {"path":"/Users/gokul/Desktop/online-grocery/online-grocery/frontend/src/components/Navbar.js","statementMap":{"0":{"start":{"line":6,"column":15},"end":{"line":138,"column":1}},"1":{"start":{"line":7,"column":24},"end":{"line":7,"column":33}},"2":{"start":{"line":8,"column":18},"end":{"line":8,"column":30}},"3":{"start":{"line":11,"column":4},"end":{"line":14,"column":14}},"4":{"start":{"line":12,"column":6},"end":{"line":12,"column":39}},"5":{"start":{"line":13,"column":6},"end":{"line":13,"column":45}},"6":{"start":{"line":15,"column":4},"end":{"line":17,"column":27}},"7":{"start":{"line":15,"column":26},"end":{"line":15,"column":55}},"8":{"start":{"line":16,"column":9},"end":{"line":17,"column":27}},"9":{"start":{"line":16,"column":34},"end":{"line":16,"column":52}},"10":{"start":{"line":17,"column":9},"end":{"line":17,"column":27}},"11":{"start":{"line":20,"column":22},"end":{"line":22,"column":6}},"12":{"start":{"line":21,"column":4},"end":{"line":21,"column":100}},"13":{"start":{"line":21,"column":10},"end":{"line":21,"column":75}},"14":{"start":{"line":21,"column":86},"end":{"line":21,"column":98}},"15":{"start":{"line":24,"column":19},"end":{"line":24,"column":92}},"16":{"start":{"line":26,"column":2},"end":{"line":137,"column":4}},"17":{"start":{"line":58,"column":16},"end":{"line":58,"column":62}},"18":{"start":{"line":59,"column":16},"end":{"line":59,"column":81}},"19":{"start":{"line":62,"column":16},"end":{"line":62,"column":59}},"20":{"start":{"line":63,"column":16},"end":{"line":63,"column":80}},"21":{"start":{"line":92,"column":18},"end":{"line":92,"column":64}},"22":{"start":{"line":93,"column":18},"end":{"line":93,"column":83}},"23":{"start":{"line":96,"column":18},"end":{"line":96,"column":61}},"24":{"start":{"line":97,"column":18},"end":{"line":97,"column":82}},"25":{"start":{"line":122,"column":18},"end":{"line":122,"column":64}},"26":{"start":{"line":123,"column":18},"end":{"line":123,"column":83}},"27":{"start":{"line":126,"column":18},"end":{"line":126,"column":61}},"28":{"start":{"line":127,"column":18},"end":{"line":127,"column":82}}},"fnMap":{"0":{"name":"(anonymous_0)","decl":{"start":{"line":6,"column":15},"end":{"line":6,"column":16}},"loc":{"start":{"line":6,"column":29},"end":{"line":138,"column":1}},"line":6},"1":{"name":"handleLogout","decl":{"start":{"line":10,"column":11},"end":{"line":10,"column":23}},"loc":{"start":{"line":10,"column":26},"end":{"line":18,"column":3}},"line":10},"2":{"name":"(anonymous_2)","decl":{"start":{"line":20,"column":23},"end":{"line":20,"column":24}},"loc":{"start":{"line":20,"column":29},"end":{"line":22,"column":3}},"line":20},"3":{"name":"(anonymous_3)","decl":{"start":{"line":57,"column":27},"end":{"line":57,"column":28}},"loc":{"start":{"line":57,"column":34},"end":{"line":60,"column":15}},"line":57},"4":{"name":"(anonymous_4)","decl":{"start":{"line":61,"column":26},"end":{"line":61,"column":27}},"loc":{"start":{"line":61,"column":33},"end":{"line":64,"column":15}},"line":61},"5":{"name":"(anonymous_5)","decl":{"start":{"line":91,"column":29},"end":{"line":91,"column":30}},"loc":{"start":{"line":91,"column":36},"end":{"line":94,"column":17}},"line":91},"6":{"name":"(anonymous_6)","decl":{"start":{"line":95,"column":28},"end":{"line":95,"column":29}},"loc":{"start":{"line":95,"column":35},"end":{"line":98,"column":17}},"line":95},"7":{"name":"(anonymous_7)","decl":{"start":{"line":121,"column":29},"end":{"line":121,"column":30}},"loc":{"start":{"line":121,"column":36},"end":{"line":124,"column":17}},"line":121},"8":{"name":"(anonymous_8)","decl":{"start":{"line":125,"column":28},"end":{"line":125,"column":29}},"loc":{"start":{"line":125,"column":35},"end":{"line":128,"column":17}},"line":125}},"branchMap":{"0":{"loc":{"start":{"line":15,"column":4},"end":{"line":17,"column":27}},"type":"if","locations":[{"start":{"line":15,"column":4},"end":{"line":17,"column":27}},{"start":{"line":16,"column":9},"end":{"line":17,"column":27}}],"line":15},"1":{"loc":{"start":{"line":16,"column":9},"end":{"line":17,"column":27}},"type":"if","locations":[{"start":{"line":16,"column":9},"end":{"line":17,"column":27}},{"start":{"line":17,"column":9},"end":{"line":17,"column":27}}],"line":16},"2":{"loc":{"start":{"line":21,"column":28},"end":{"line":21,"column":73}},"type":"binary-expr","locations":[{"start":{"line":21,"column":28},"end":{"line":21,"column":63}},{"start":{"line":21,"column":67},"end":{"line":21,"column":73}}],"line":21},"3":{"loc":{"start":{"line":24,"column":19},"end":{"line":24,"column":92}},"type":"cond-expr","locations":[{"start":{"line":24,"column":39},"end":{"line":24,"column":86}},{"start":{"line":24,"column":89},"end":{"line":24,"column":92}}],"line":24},"4":{"loc":{"start":{"line":32,"column":9},"end":{"line":37,"column":9}},"type":"binary-expr","locations":[{"start":{"line":32,"column":9},"end":{"line":32,"column":26}},{"start":{"line":33,"column":10},"end":{"line":36,"column":17}}],"line":32},"5":{"loc":{"start":{"line":38,"column":9},"end":{"line":134,"column":9}},"type":"cond-expr","locations":[{"start":{"line":39,"column":10},"end":{"line":68,"column":13}},{"start":{"line":70,"column":10},"end":{"line":133,"column":13}}],"line":38},"6":{"loc":{"start":{"line":73,"column":13},"end":{"line":102,"column":13}},"type":"binary-expr","locations":[{"start":{"line":73,"column":13},"end":{"line":73,"column":32}},{"start":{"line":74,"column":14},"end":{"line":101,"column":23}}],"line":73},"7":{"loc":{"start":{"line":103,"column":13},"end":{"line":132,"column":13}},"type":"binary-expr","locations":[{"start":{"line":103,"column":13},"end":{"line":103,"column":18}},{"start":{"line":103,"column":22},"end":{"line":103,"column":39}},{"start":{"line":104,"column":14},"end":{"line":131,"column":23}}],"line":103}},"s":{"0":4,"1":17,"2":17,"3":0,"4":0,"5":0,"6":0,"7":0,"8":0,"9":0,"10":0,"11":17,"12":17,"13":17,"14":0,"15":17,"16":17,"17":0,"18":0,"19":0,"20":0,"21":0,"22":0,"23":0,"24":0,"25":0,"26":0,"27":0,"28":0},"f":{"0":17,"1":0,"2":17,"3":0,"4":0,"5":0,"6":0,"7":0,"8":0},"b":{"0":[0,0],"1":[0,0],"2":[17,6],"3":[11,6],"4":[17,11],"5":[6,11],"6":[11,11],"7":[11,0,0]},"_coverageSchema":"1a1c01bbd47fc00a2c39e90264f33305004495a9","hash":"d27ad26bbed0e24c75b738d9a0dc5fb701d93c89"}
,"/Users/gokul/Desktop/online-grocery/online-grocery/frontend/src/components/ProductCard.js": {"path":"/Users/gokul/Desktop/online-grocery/online-grocery/frontend/src/components/ProductCard.js","statementMap":{"0":{"start":{"line":7,"column":20},"end":{"line":33,"column":1}},"1":{"start":{"line":8,"column":35},"end":{"line":8,"column":44}},"2":{"start":{"line":9,"column":18},"end":{"line":9,"column":30}},"3":{"start":{"line":11,"column":20},"end":{"line":11,"column":47}},"4":{"start":{"line":11,"column":26},"end":{"line":11,"column":47}},"5":{"start":{"line":13,"column":23},"end":{"line":18,"column":3}},"6":{"start":{"line":15,"column":4},"end":{"line":15,"column":16}},"7":{"start":{"line":16,"column":4},"end":{"line":16,"column":26}},"8":{"start":{"line":17,"column":4},"end":{"line":17,"column":30}},"9":{"start":{"line":20,"column":2},"end":{"line":32,"column":4}}},"fnMap":{"0":{"name":"(anonymous_0)","decl":{"start":{"line":7,"column":20},"end":{"line":7,"column":21}},"loc":{"start":{"line":7,"column":37},"end":{"line":33,"column":1}},"line":7},"1":{"name":"(anonymous_1)","decl":{"start":{"line":11,"column":20},"end":{"line":11,"column":21}},"loc":{"start":{"line":11,"column":26},"end":{"line":11,"column":47}},"line":11},"2":{"name":"(anonymous_2)","decl":{"start":{"line":13,"column":23},"end":{"line":13,"column":24}},"loc":{"start":{"line":13,"column":29},"end":{"line":18,"column":3}},"line":13}},"branchMap":{},"s":{"0":0,"1":0,"2":0,"3":0,"4":0,"5":0,"6":0,"7":0,"8":0,"9":0},"f":{"0":0,"1":0,"2":0},"b":{}}
,"/Users/gokul/Desktop/online-grocery/online-grocery/frontend/src/context/CartContext.js": {"path":"/Users/gokul/Desktop/online-grocery/online-grocery/frontend/src/context/CartContext.js","statementMap":{"0":{"start":{"line":5,"column":20},"end":{"line":5,"column":35}},"1":{"start":{"line":8,"column":26},"end":{"line":8,"column":38}},"2":{"start":{"line":10,"column":20},"end":{"line":23,"column":3}},"3":{"start":{"line":11,"column":4},"end":{"line":22,"column":7}},"4":{"start":{"line":12,"column":23},"end":{"line":12,"column":66}},"5":{"start":{"line":12,"column":43},"end":{"line":12,"column":65}},"6":{"start":{"line":13,"column":6},"end":{"line":21,"column":7}},"7":{"start":{"line":14,"column":8},"end":{"line":18,"column":10}},"8":{"start":{"line":15,"column":10},"end":{"line":17,"column":18}},"9":{"start":{"line":20,"column":8},"end":{"line":20,"column":54}},"10":{"start":{"line":25,"column":25},"end":{"line":35,"column":3}},"11":{"start":{"line":26,"column":4},"end":{"line":34,"column":5}},"12":{"start":{"line":27,"column":6},"end":{"line":27,"column":63}},"13":{"start":{"line":27,"column":24},"end":{"line":27,"column":61}},"14":{"start":{"line":27,"column":46},"end":{"line":27,"column":60}},"15":{"start":{"line":29,"column":6},"end":{"line":33,"column":8}},"16":{"start":{"line":30,"column":8},"end":{"line":32,"column":9}},"17":{"start":{"line":31,"column":10},"end":{"line":31,"column":60}},"18":{"start":{"line":37,"column":25},"end":{"line":39,"column":3}},"19":{"start":{"line":38,"column":4},"end":{"line":38,"column":61}},"20":{"start":{"line":38,"column":22},"end":{"line":38,"column":59}},"21":{"start":{"line":38,"column":44},"end":{"line":38,"column":58}},"22":{"start":{"line":41,"column":21},"end":{"line":82,"column":3}},"23":{"start":{"line":42,"column":24},"end":{"line":42,"column":81}},"24":{"start":{"line":43,"column":20},"end":{"line":43,"column":39}},"25":{"start":{"line":44,"column":18},"end":{"line":50,"column":5}},"26":{"start":{"line":48,"column":40},"end":{"line":48,"column":72}},"27":{"start":{"line":49,"column":31},"end":{"line":49,"column":122}},"28":{"start":{"line":51,"column":17},"end":{"line":51,"column":31}},"29":{"start":{"line":52,"column":18},"end":{"line":52,"column":22}},"30":{"start":{"line":53,"column":4},"end":{"line":66,"column":5}},"31":{"start":{"line":55,"column":6},"end":{"line":55,"column":44}},"32":{"start":{"line":57,"column":6},"end":{"line":59,"column":7}},"33":{"start":{"line":58,"column":8},"end":{"line":58,"column":115}},"34":{"start":{"line":58,"column":14},"end":{"line":58,"column":86}},"35":{"start":{"line":62,"column":29},"end":{"line":62,"column":85}},"36":{"start":{"line":63,"column":23},"end":{"line":63,"column":143}},"37":{"start":{"line":64,"column":6},"end":{"line":64,"column":107}},"38":{"start":{"line":64,"column":12},"end":{"line":64,"column":96}},"39":{"start":{"line":65,"column":6},"end":{"line":65,"column":55}},"40":{"start":{"line":69,"column":20},"end":{"line":78,"column":5}},"41":{"start":{"line":75,"column":36},"end":{"line":75,"column":111}},"42":{"start":{"line":80,"column":4},"end":{"line":80,"column":16}},"43":{"start":{"line":81,"column":4},"end":{"line":81,"column":19}},"44":{"start":{"line":84,"column":21},"end":{"line":84,"column":84}},"45":{"start":{"line":84,"column":48},"end":{"line":84,"column":80}},"46":{"start":{"line":85,"column":20},"end":{"line":85,"column":70}},"47":{"start":{"line":85,"column":47},"end":{"line":85,"column":66}},"48":{"start":{"line":87,"column":2},"end":{"line":101,"column":4}},"49":{"start":{"line":105,"column":2},"end":{"line":105,"column":33}}},"fnMap":{"0":{"name":"CartProvider","decl":{"start":{"line":7,"column":16},"end":{"line":7,"column":28}},"loc":{"start":{"line":7,"column":43},"end":{"line":102,"column":1}},"line":7},"1":{"name":"(anonymous_1)","decl":{"start":{"line":10,"column":20},"end":{"line":10,"column":21}},"loc":{"start":{"line":10,"column":33},"end":{"line":23,"column":3}},"line":10},"2":{"name":"(anonymous_2)","decl":{"start":{"line":11,"column":12},"end":{"line":11,"column":13}},"loc":{"start":{"line":11,"column":22},"end":{"line":22,"column":5}},"line":11},"3":{"name":"(anonymous_3)","decl":{"start":{"line":12,"column":33},"end":{"line":12,"column":34}},"loc":{"start":{"line":12,"column":43},"end":{"line":12,"column":65}},"line":12},"4":{"name":"(anonymous_4)","decl":{"start":{"line":14,"column":24},"end":{"line":14,"column":25}},"loc":{"start":{"line":15,"column":10},"end":{"line":17,"column":18}},"line":15},"5":{"name":"(anonymous_5)","decl":{"start":{"line":25,"column":25},"end":{"line":25,"column":26}},"loc":{"start":{"line":25,"column":38},"end":{"line":35,"column":3}},"line":25},"6":{"name":"(anonymous_6)","decl":{"start":{"line":27,"column":14},"end":{"line":27,"column":15}},"loc":{"start":{"line":27,"column":24},"end":{"line":27,"column":61}},"line":27},"7":{"name":"(anonymous_7)","decl":{"start":{"line":27,"column":36},"end":{"line":27,"column":37}},"loc":{"start":{"line":27,"column":46},"end":{"line":27,"column":60}},"line":27},"8":{"name":"(anonymous_8)","decl":{"start":{"line":29,"column":14},"end":{"line":29,"column":15}},"loc":{"start":{"line":30,"column":8},"end":{"line":32,"column":9}},"line":30},"9":{"name":"(anonymous_9)","decl":{"start":{"line":30,"column":17},"end":{"line":30,"column":18}},"loc":{"start":{"line":31,"column":10},"end":{"line":31,"column":60}},"line":31},"10":{"name":"(anonymous_10)","decl":{"start":{"line":37,"column":25},"end":{"line":37,"column":26}},"loc":{"start":{"line":37,"column":33},"end":{"line":39,"column":3}},"line":37},"11":{"name":"(anonymous_11)","decl":{"start":{"line":38,"column":12},"end":{"line":38,"column":13}},"loc":{"start":{"line":38,"column":22},"end":{"line":38,"column":59}},"line":38},"12":{"name":"(anonymous_12)","decl":{"start":{"line":38,"column":34},"end":{"line":38,"column":35}},"loc":{"start":{"line":38,"column":44},"end":{"line":38,"column":58}},"line":38},"13":{"name":"(anonymous_13)","decl":{"start":{"line":41,"column":21},"end":{"line":41,"column":22}},"loc":{"start":{"line":41,"column":51},"end":{"line":82,"column":3}},"line":41},"14":{"name":"(anonymous_14)","decl":{"start":{"line":48,"column":25},"end":{"line":48,"column":26}},"loc":{"start":{"line":48,"column":40},"end":{"line":48,"column":72}},"line":48},"15":{"name":"(anonymous_15)","decl":{"start":{"line":49,"column":22},"end":{"line":49,"column":23}},"loc":{"start":{"line":49,"column":31},"end":{"line":49,"column":122}},"line":49},"16":{"name":"(anonymous_16)","decl":{"start":{"line":75,"column":29},"end":{"line":75,"column":30}},"loc":{"start":{"line":75,"column":36},"end":{"line":75,"column":111}},"line":75},"17":{"name":"(anonymous_17)","decl":{"start":{"line":84,"column":33},"end":{"line":84,"column":34}},"loc":{"start":{"line":84,"column":48},"end":{"line":84,"column":80}},"line":84},"18":{"name":"(anonymous_18)","decl":{"start":{"line":85,"column":32},"end":{"line":85,"column":33}},"loc":{"start":{"line":85,"column":47},"end":{"line":85,"column":66}},"line":85},"19":{"name":"useCart","decl":{"start":{"line":104,"column":16},"end":{"line":104,"column":23}},"loc":{"start":{"line":104,"column":26},"end":{"line":106,"column":1}},"line":104}},"branchMap":{"0":{"loc":{"start":{"line":13,"column":6},"end":{"line":21,"column":7}},"type":"if","locations":[{"start":{"line":13,"column":6},"end":{"line":21,"column":7}},{"start":{"line":19,"column":13},"end":{"line":21,"column":7}}],"line":13},"1":{"loc":{"start":{"line":15,"column":10},"end":{"line":17,"column":18}},"type":"cond-expr","locations":[{"start":{"line":16,"column":14},"end":{"line":16,"column":54}},{"start":{"line":17,"column":14},"end":{"line":17,"column":18}}],"line":15},"2":{"loc":{"start":{"line":26,"column":4},"end":{"line":34,"column":5}},"type":"if","locations":[{"start":{"line":26,"column":4},"end":{"line":34,"column":5}},{"start":{"line":28,"column":11},"end":{"line":34,"column":5}}],"line":26},"3":{"loc":{"start":{"line":31,"column":10},"end":{"line":31,"column":60}},"type":"cond-expr","locations":[{"start":{"line":31,"column":27},"end":{"line":31,"column":53}},{"start":{"line":31,"column":56},"end":{"line":31,"column":60}}],"line":31},"4":{"loc":{"start":{"line":41,"column":34},"end":{"line":41,"column":46}},"type":"default-arg","locations":[{"start":{"line":41,"column":44},"end":{"line":41,"column":46}}],"line":41},"5":{"loc":{"start":{"line":42,"column":35},"end":{"line":42,"column":80}},"type":"binary-expr","locations":[{"start":{"line":42,"column":35},"end":{"line":42,"column":70}},{"start":{"line":42,"column":74},"end":{"line":42,"column":80}}],"line":42},"6":{"loc":{"start":{"line":46,"column":20},"end":{"line":46,"column":65}},"type":"binary-expr","locations":[{"start":{"line":46,"column":20},"end":{"line":46,"column":37}},{"start":{"line":46,"column":41},"end":{"line":46,"column":51}},{"start":{"line":46,"column":55},"end":{"line":46,"column":65}}],"line":46},"7":{"loc":{"start":{"line":47,"column":21},"end":{"line":47,"column":45}},"type":"binary-expr","locations":[{"start":{"line":47,"column":21},"end":{"line":47,"column":39}},{"start":{"line":47,"column":43},"end":{"line":47,"column":45}}],"line":47},"8":{"loc":{"start":{"line":57,"column":6},"end":{"line":59,"column":7}},"type":"if","locations":[{"start":{"line":57,"column":6},"end":{"line":59,"column":7}},{"start":{},"end":{}}],"line":57},"9":{"loc":{"start":{"line":57,"column":10},"end":{"line":57,"column":25}},"type":"binary-expr","locations":[{"start":{"line":57,"column":10},"end":{"line":57,"column":17}},{"start":{"line":57,"column":21},"end":{"line":57,"column":25}}],"line":57},"10":{"loc":{"start":{"line":58,"column":51},"end":{"line":58,"column":76}},"type":"binary-expr","locations":[{"start":{"line":58,"column":51},"end":{"line":58,"column":62}},{"start":{"line":58,"column":66},"end":{"line":58,"column":76}}],"line":58},"11":{"loc":{"start":{"line":62,"column":40},"end":{"line":62,"column":84}},"type":"binary-expr","locations":[{"start":{"line":62,"column":40},"end":{"line":62,"column":76}},{"start":{"line":62,"column":80},"end":{"line":62,"column":84}}],"line":62},"12":{"loc":{"start":{"line":63,"column":96},"end":{"line":63,"column":121}},"type":"cond-expr","locations":[{"start":{"line":63,"column":103},"end":{"line":63,"column":109}},{"start":{"line":63,"column":112},"end":{"line":63,"column":121}}],"line":63},"13":{"loc":{"start":{"line":70,"column":10},"end":{"line":70,"column":46}},"type":"binary-expr","locations":[{"start":{"line":70,"column":10},"end":{"line":70,"column":21}},{"start":{"line":70,"column":25},"end":{"line":70,"column":35}},{"start":{"line":70,"column":39},"end":{"line":70,"column":46}}],"line":70},"14":{"loc":{"start":{"line":71,"column":15},"end":{"line":71,"column":41}},"type":"binary-expr","locations":[{"start":{"line":71,"column":15},"end":{"line":71,"column":30}},{"start":{"line":71,"column":34},"end":{"line":71,"column":41}}],"line":71},"15":{"loc":{"start":{"line":73,"column":15},"end":{"line":73,"column":33}},"type":"binary-expr","locations":[{"start":{"line":73,"column":15},"end":{"line":73,"column":27}},{"start":{"line":73,"column":31},"end":{"line":73,"column":33}}],"line":73},"16":{"loc":{"start":{"line":74,"column":21},"end":{"line":74,"column":62}},"type":"binary-expr","locations":[{"start":{"line":74,"column":21},"end":{"line":74,"column":33}},{"start":{"line":74,"column":38},"end":{"line":74,"column":61}}],"line":74},"17":{"loc":{"start":{"line":74,"column":38},"end":{"line":74,"column":61}},"type":"cond-expr","locations":[{"start":{"line":74,"column":45},"end":{"line":74,"column":53}},{"start":{"line":74,"column":56},"end":{"line":74,"column":61}}],"line":74},"18":{"loc":{"start":{"line":77,"column":15},"end":{"line":77,"column":60}},"type":"binary-expr","locations":[{"start":{"line":77,"column":15},"end":{"line":77,"column":29}},{"start":{"line":77,"column":34},"end":{"line":77,"column":59}}],"line":77},"19":{"loc":{"start":{"line":77,"column":34},"end":{"line":77,"column":59}},"type":"cond-expr","locations":[{"start":{"line":77,"column":41},"end":{"line":77,"column":47}},{"start":{"line":77,"column":50},"end":{"line":77,"column":59}}],"line":77}},"s":{"0":6,"1":13,"2":13,"3":3,"4":3,"5":0,"6":3,"7":0,"8":0,"9":3,"10":13,"11":0,"12":0,"13":0,"14":0,"15":0,"16":0,"17":0,"18":13,"19":0,"20":0,"21":0,"22":13,"23":3,"24":3,"25":3,"26":3,"27":3,"28":3,"29":3,"30":3,"31":3,"32":2,"33":2,"34":2,"35":1,"36":1,"37":1,"38":1,"39":1,"40":3,"41":3,"42":3,"43":3,"44":13,"45":3,"46":13,"47":3,"48":13,"49":31},"f":{"0":13,"1":3,"2":3,"3":0,"4":0,"5":0,"6":0,"7":0,"8":0,"9":0,"10":0,"11":0,"12":0,"13":3,"14":3,"15":3,"16":3,"17":3,"18":3,"19":31},"b":{"0":[0,3],"1":[0,0],"2":[0,0],"3":[0,0],"4":[0],"5":[3,3],"6":[3,3,2],"7":[3,3],"8":[2,0],"9":[2,2],"10":[2,0],"11":[1,1],"12":[0,1],"13":[3,0,0],"14":[3,0],"15":[3,0],"16":[3,0],"17":[0,0],"18":[3,0],"19":[0,0]},"_coverageSchema":"1a1c01bbd47fc00a2c39e90264f33305004495a9","hash":"50f2530ab18e5eb2bf6064391e58a0cc85067a09"}
,"/Users/gokul/Desktop/online-grocery/online-grocery/frontend/src/data/products.js": {"path":"/Users/gokul/Desktop/online-grocery/online-grocery/frontend/src/data/products.js","statementMap":{"0":{"start":{"line":3,"column":23},"end":{"line":5,"column":1}}},"fnMap":{},"branchMap":{},"s":{"0":2},"f":{},"b":{},"_coverageSchema":"1a1c01bbd47fc00a2c39e90264f33305004495a9","hash":"2de39974b635d44741df3953a14b6a5355e55454"}
,"/Users/gokul/Desktop/online-grocery/online-grocery/frontend/src/pages/AdminDashboard.js": {"path":"/Users/gokul/Desktop/online-grocery/online-grocery/frontend/src/pages/AdminDashboard.js","statementMap":{"0":{"start":{"line":7,"column":23},"end":{"line":933,"column":1}},"1":{"start":{"line":8,"column":36},"end":{"line":8,"column":53}},"2":{"start":{"line":9,"column":44},"end":{"line":9,"column":56}},"3":{"start":{"line":10,"column":40},"end":{"line":10,"column":52}},"4":{"start":{"line":11,"column":50},"end":{"line":11,"column":65}},"5":{"start":{"line":12,"column":46},"end":{"line":12,"column":60}},"6":{"start":{"line":13,"column":34},"end":{"line":13,"column":46}},"7":{"start":{"line":14,"column":30},"end":{"line":14,"column":42}},"8":{"start":{"line":15,"column":30},"end":{"line":15,"column":42}},"9":{"start":{"line":16,"column":40},"end":{"line":16,"column":52}},"10":{"start":{"line":17,"column":46},"end":{"line":17,"column":58}},"11":{"start":{"line":19,"column":28},"end":{"line":19,"column":40}},"12":{"start":{"line":22,"column":2},"end":{"line":89,"column":9}},"13":{"start":{"line":23,"column":25},"end":{"line":23,"column":122}},"14":{"start":{"line":23,"column":50},"end":{"line":23,"column":120}},"15":{"start":{"line":24,"column":23},"end":{"line":28,"column":5}},"16":{"start":{"line":29,"column":23},"end":{"line":33,"column":5}},"17":{"start":{"line":35,"column":6},"end":{"line":86,"column":7}},"18":{"start":{"line":36,"column":8},"end":{"line":36,"column":48}},"19":{"start":{"line":37,"column":8},"end":{"line":37,"column":69}},"20":{"start":{"line":38,"column":8},"end":{"line":38,"column":74}},"21":{"start":{"line":40,"column":41},"end":{"line":45,"column":10}},"22":{"start":{"line":47,"column":8},"end":{"line":47,"column":47}},"23":{"start":{"line":48,"column":8},"end":{"line":48,"column":57}},"24":{"start":{"line":49,"column":8},"end":{"line":49,"column":55}},"25":{"start":{"line":50,"column":8},"end":{"line":50,"column":55}},"26":{"start":{"line":51,"column":8},"end":{"line":51,"column":54}},"27":{"start":{"line":54,"column":8},"end":{"line":54,"column":83}},"28":{"start":{"line":54,"column":33},"end":{"line":54,"column":83}},"29":{"start":{"line":54,"column":60},"end":{"line":54,"column":79}},"30":{"start":{"line":56,"column":8},"end":{"line":56,"column":93}},"31":{"start":{"line":56,"column":33},"end":{"line":56,"column":93}},"32":{"start":{"line":56,"column":58},"end":{"line":56,"column":89}},"33":{"start":{"line":58,"column":8},"end":{"line":59,"column":35}},"34":{"start":{"line":58,"column":48},"end":{"line":58,"column":64}},"35":{"start":{"line":59,"column":13},"end":{"line":59,"column":35}},"36":{"start":{"line":60,"column":8},"end":{"line":60,"column":80}},"37":{"start":{"line":60,"column":33},"end":{"line":60,"column":80}},"38":{"start":{"line":60,"column":57},"end":{"line":60,"column":76}},"39":{"start":{"line":62,"column":8},"end":{"line":62,"column":88}},"40":{"start":{"line":63,"column":31},"end":{"line":63,"column":91}},"41":{"start":{"line":64,"column":29},"end":{"line":64,"column":87}},"42":{"start":{"line":65,"column":29},"end":{"line":65,"column":90}},"43":{"start":{"line":66,"column":34},"end":{"line":66,"column":98}},"44":{"start":{"line":67,"column":8},"end":{"line":76,"column":9}},"45":{"start":{"line":68,"column":23},"end":{"line":68,"column":66}},"46":{"start":{"line":68,"column":55},"end":{"line":68,"column":64}},"47":{"start":{"line":69,"column":25},"end":{"line":69,"column":101}},"48":{"start":{"line":69,"column":48},"end":{"line":69,"column":100}},"49":{"start":{"line":70,"column":10},"end":{"line":70,"column":97}},"50":{"start":{"line":70,"column":40},"end":{"line":70,"column":93}},"51":{"start":{"line":70,"column":62},"end":{"line":70,"column":75}},"52":{"start":{"line":70,"column":78},"end":{"line":70,"column":93}},"53":{"start":{"line":71,"column":10},"end":{"line":71,"column":30}},"54":{"start":{"line":72,"column":10},"end":{"line":72,"column":73}},"55":{"start":{"line":74,"column":10},"end":{"line":74,"column":36}},"56":{"start":{"line":75,"column":10},"end":{"line":75,"column":79}},"57":{"start":{"line":77,"column":8},"end":{"line":77,"column":75}},"58":{"start":{"line":78,"column":8},"end":{"line":83,"column":9}},"59":{"start":{"line":79,"column":10},"end":{"line":79,"column":34}},"60":{"start":{"line":81,"column":10},"end":{"line":81,"column":32}},"61":{"start":{"line":82,"column":10},"end":{"line":82,"column":78}},"62":{"start":{"line":84,"column":8},"end":{"line":84,"column":108}},"63":{"start":{"line":88,"column":4},"end":{"line":88,"column":11}},"64":{"start":{"line":91,"column":2},"end":{"line":93,"column":17}},"65":{"start":{"line":92,"column":4},"end":{"line":92,"column":86}},"66":{"start":{"line":92,"column":10},"end":{"line":92,"column":75}},"67":{"start":{"line":95,"column":2},"end":{"line":97,"column":15}},"68":{"start":{"line":96,"column":4},"end":{"line":96,"column":82}},"69":{"start":{"line":96,"column":10},"end":{"line":96,"column":71}},"70":{"start":{"line":99,"column":23},"end":{"line":99,"column":104}},"71":{"start":{"line":99,"column":37},"end":{"line":99,"column":93}},"72":{"start":{"line":99,"column":63},"end":{"line":99,"column":89}},"73":{"start":{"line":100,"column":24},"end":{"line":100,"column":101}},"74":{"start":{"line":100,"column":38},"end":{"line":100,"column":88}},"75":{"start":{"line":100,"column":59},"end":{"line":100,"column":80}},"76":{"start":{"line":102,"column":27},"end":{"line":106,"column":31}},"77":{"start":{"line":103,"column":14},"end":{"line":103,"column":48}},"78":{"start":{"line":104,"column":4},"end":{"line":104,"column":28}},"79":{"start":{"line":104,"column":12},"end":{"line":104,"column":28}},"80":{"start":{"line":105,"column":4},"end":{"line":105,"column":71}},"81":{"start":{"line":105,"column":32},"end":{"line":105,"column":69}},"82":{"start":{"line":108,"column":25},"end":{"line":112,"column":27}},"83":{"start":{"line":109,"column":14},"end":{"line":109,"column":46}},"84":{"start":{"line":110,"column":4},"end":{"line":110,"column":26}},"85":{"start":{"line":110,"column":12},"end":{"line":110,"column":26}},"86":{"start":{"line":111,"column":4},"end":{"line":111,"column":93}},"87":{"start":{"line":111,"column":30},"end":{"line":111,"column":91}},"88":{"start":{"line":115,"column":4},"end":{"line":115,"column":66}},"89":{"start":{"line":116,"column":4},"end":{"line":116,"column":30}},"90":{"start":{"line":119,"column":4},"end":{"line":119,"column":32}},"91":{"start":{"line":120,"column":4},"end":{"line":120,"column":30}},"92":{"start":{"line":123,"column":4},"end":{"line":123,"column":31}},"93":{"start":{"line":124,"column":4},"end":{"line":124,"column":28}},"94":{"start":{"line":127,"column":4},"end":{"line":127,"column":23}},"95":{"start":{"line":128,"column":4},"end":{"line":128,"column":37}},"96":{"start":{"line":128,"column":30},"end":{"line":128,"column":37}},"97":{"start":{"line":129,"column":18},"end":{"line":129,"column":46}},"98":{"start":{"line":130,"column":18},"end":{"line":130,"column":46}},"99":{"start":{"line":131,"column":4},"end":{"line":131,"column":59}},"100":{"start":{"line":131,"column":52},"end":{"line":131,"column":59}},"101":{"start":{"line":133,"column":4},"end":{"line":153,"column":5}},"102":{"start":{"line":134,"column":6},"end":{"line":148,"column":7}},"103":{"start":{"line":135,"column":8},"end":{"line":135,"column":103}},"104":{"start":{"line":136,"column":24},"end":{"line":136,"column":167}},"105":{"start":{"line":137,"column":8},"end":{"line":137,"column":62}},"106":{"start":{"line":138,"column":8},"end":{"line":138,"column":126}},"107":{"start":{"line":138,"column":38},"end":{"line":138,"column":123}},"108":{"start":{"line":139,"column":13},"end":{"line":148,"column":7}},"109":{"start":{"line":140,"column":8},"end":{"line":140,"column":137}},"110":{"start":{"line":141,"column":24},"end":{"line":141,"column":126}},"111":{"start":{"line":142,"column":8},"end":{"line":142,"column":62}},"112":{"start":{"line":143,"column":8},"end":{"line":143,"column":68}},"113":{"start":{"line":145,"column":8},"end":{"line":145,"column":75}},"114":{"start":{"line":147,"column":8},"end":{"line":147,"column":163}},"115":{"start":{"line":147,"column":38},"end":{"line":147,"column":160}},"116":{"start":{"line":149,"column":6},"end":{"line":149,"column":26}},"117":{"start":{"line":151,"column":6},"end":{"line":151,"column":52}},"118":{"start":{"line":152,"column":6},"end":{"line":152,"column":75}},"119":{"start":{"line":156,"column":4},"end":{"line":156,"column":56}},"120":{"start":{"line":156,"column":49},"end":{"line":156,"column":56}},"121":{"start":{"line":157,"column":4},"end":{"line":163,"column":5}},"122":{"start":{"line":158,"column":6},"end":{"line":160,"column":9}},"123":{"start":{"line":159,"column":8},"end":{"line":159,"column":66}},"124":{"start":{"line":159,"column":41},"end":{"line":159,"column":63}},"125":{"start":{"line":162,"column":6},"end":{"line":162,"column":53}},"126":{"start":{"line":162,"column":39},"end":{"line":162,"column":50}},"127":{"start":{"line":167,"column":22},"end":{"line":167,"column":120}},"128":{"start":{"line":167,"column":39},"end":{"line":167,"column":119}},"129":{"start":{"line":168,"column":4},"end":{"line":173,"column":5}},"130":{"start":{"line":169,"column":22},"end":{"line":169,"column":71}},"131":{"start":{"line":170,"column":6},"end":{"line":170,"column":114}},"132":{"start":{"line":170,"column":32},"end":{"line":170,"column":111}},"133":{"start":{"line":172,"column":6},"end":{"line":172,"column":80}},"134":{"start":{"line":172,"column":32},"end":{"line":172,"column":77}},"135":{"start":{"line":177,"column":22},"end":{"line":177,"column":108}},"136":{"start":{"line":177,"column":39},"end":{"line":177,"column":107}},"137":{"start":{"line":178,"column":4},"end":{"line":181,"column":5}},"138":{"start":{"line":179,"column":22},"end":{"line":179,"column":77}},"139":{"start":{"line":180,"column":6},"end":{"line":180,"column":114}},"140":{"start":{"line":180,"column":32},"end":{"line":180,"column":111}},"141":{"start":{"line":182,"column":28},"end":{"line":182,"column":69}},"142":{"start":{"line":183,"column":4},"end":{"line":183,"column":36}},"143":{"start":{"line":184,"column":4},"end":{"line":184,"column":99}},"144":{"start":{"line":184,"column":10},"end":{"line":184,"column":88}},"145":{"start":{"line":188,"column":4},"end":{"line":188,"column":74}},"146":{"start":{"line":188,"column":31},"end":{"line":188,"column":71}},"147":{"start":{"line":192,"column":4},"end":{"line":192,"column":29}},"148":{"start":{"line":192,"column":22},"end":{"line":192,"column":29}},"149":{"start":{"line":193,"column":19},"end":{"line":193,"column":39}},"150":{"start":{"line":194,"column":16},"end":{"line":194,"column":122}},"151":{"start":{"line":194,"column":56},"end":{"line":194,"column":109}},"152":{"start":{"line":194,"column":72},"end":{"line":194,"column":98}},"153":{"start":{"line":195,"column":17},"end":{"line":195,"column":69}},"154":{"start":{"line":196,"column":16},"end":{"line":196,"column":41}},"155":{"start":{"line":197,"column":17},"end":{"line":197,"column":44}},"156":{"start":{"line":198,"column":4},"end":{"line":198,"column":20}},"157":{"start":{"line":199,"column":4},"end":{"line":199,"column":44}},"158":{"start":{"line":200,"column":4},"end":{"line":200,"column":36}},"159":{"start":{"line":201,"column":4},"end":{"line":201,"column":17}},"160":{"start":{"line":202,"column":4},"end":{"line":202,"column":36}},"161":{"start":{"line":203,"column":4},"end":{"line":203,"column":29}},"162":{"start":{"line":205,"column":18},"end":{"line":208,"column":8}},"163":{"start":{"line":205,"column":32},"end":{"line":208,"column":3}},"164":{"start":{"line":210,"column":2},"end":{"line":932,"column":4}},"165":{"start":{"line":244,"column":90},"end":{"line":244,"column":111}},"166":{"start":{"line":245,"column":93},"end":{"line":245,"column":117}},"167":{"start":{"line":246,"column":91},"end":{"line":246,"column":113}},"168":{"start":{"line":247,"column":92},"end":{"line":247,"column":115}},"169":{"start":{"line":289,"column":37},"end":{"line":289,"column":55}},"170":{"start":{"line":290,"column":20},"end":{"line":362,"column":25}},"171":{"start":{"line":335,"column":28},"end":{"line":335,"column":281}},"172":{"start":{"line":351,"column":28},"end":{"line":351,"column":74}},"173":{"start":{"line":352,"column":28},"end":{"line":352,"column":93}},"174":{"start":{"line":355,"column":28},"end":{"line":355,"column":71}},"175":{"start":{"line":356,"column":28},"end":{"line":356,"column":62}},"176":{"start":{"line":385,"column":35},"end":{"line":385,"column":67}},"177":{"start":{"line":394,"column":33},"end":{"line":394,"column":76}},"178":{"start":{"line":444,"column":20},"end":{"line":549,"column":25}},"179":{"start":{"line":513,"column":43},"end":{"line":513,"column":66}},"180":{"start":{"line":531,"column":43},"end":{"line":531,"column":62}},"181":{"start":{"line":572,"column":35},"end":{"line":572,"column":65}},"182":{"start":{"line":581,"column":33},"end":{"line":581,"column":72}},"183":{"start":{"line":621,"column":41},"end":{"line":628,"column":24}},"184":{"start":{"line":622,"column":22},"end":{"line":622,"column":68}},"185":{"start":{"line":622,"column":51},"end":{"line":622,"column":68}},"186":{"start":{"line":623,"column":38},"end":{"line":623,"column":139}},"187":{"start":{"line":623,"column":54},"end":{"line":623,"column":138}},"188":{"start":{"line":624,"column":22},"end":{"line":624,"column":55}},"189":{"start":{"line":624,"column":35},"end":{"line":624,"column":55}},"190":{"start":{"line":625,"column":35},"end":{"line":625,"column":126}},"191":{"start":{"line":625,"column":51},"end":{"line":625,"column":125}},"192":{"start":{"line":626,"column":22},"end":{"line":626,"column":49}},"193":{"start":{"line":626,"column":32},"end":{"line":626,"column":49}},"194":{"start":{"line":627,"column":22},"end":{"line":627,"column":58}},"195":{"start":{"line":629,"column":37},"end":{"line":629,"column":63}},"196":{"start":{"line":631,"column":39},"end":{"line":631,"column":65}},"197":{"start":{"line":633,"column":20},"end":{"line":773,"column":22}},"198":{"start":{"line":667,"column":47},"end":{"line":667,"column":95}},"199":{"start":{"line":685,"column":47},"end":{"line":685,"column":100}},"200":{"start":{"line":697,"column":32},"end":{"line":697,"column":117}},"201":{"start":{"line":705,"column":47},"end":{"line":705,"column":69}},"202":{"start":{"line":724,"column":51},"end":{"line":724,"column":113}},"203":{"start":{"line":725,"column":55},"end":{"line":725,"column":136}},"204":{"start":{"line":725,"column":81},"end":{"line":725,"column":124}},"205":{"start":{"line":726,"column":34},"end":{"line":726,"column":376}},"206":{"start":{"line":761,"column":36},"end":{"line":765,"column":41}},"207":{"start":{"line":830,"column":20},"end":{"line":899,"column":25}},"208":{"start":{"line":860,"column":30},"end":{"line":860,"column":223}},"209":{"start":{"line":880,"column":30},"end":{"line":880,"column":96}},"210":{"start":{"line":909,"column":49},"end":{"line":909,"column":68}},"211":{"start":{"line":916,"column":91},"end":{"line":916,"column":153}},"212":{"start":{"line":918,"column":92},"end":{"line":918,"column":155}},"213":{"start":{"line":920,"column":105},"end":{"line":920,"column":168}},"214":{"start":{"line":922,"column":117},"end":{"line":922,"column":180}}},"fnMap":{"0":{"name":"(anonymous_0)","decl":{"start":{"line":7,"column":23},"end":{"line":7,"column":24}},"loc":{"start":{"line":7,"column":29},"end":{"line":933,"column":1}},"line":7},"1":{"name":"(anonymous_1)","decl":{"start":{"line":22,"column":12},"end":{"line":22,"column":13}},"loc":{"start":{"line":22,"column":18},"end":{"line":89,"column":3}},"line":22},"2":{"name":"(anonymous_2)","decl":{"start":{"line":23,"column":44},"end":{"line":23,"column":45}},"loc":{"start":{"line":23,"column":50},"end":{"line":23,"column":120}},"line":23},"3":{"name":"load","decl":{"start":{"line":34,"column":19},"end":{"line":34,"column":23}},"loc":{"start":{"line":34,"column":26},"end":{"line":87,"column":5}},"line":34},"4":{"name":"(anonymous_4)","decl":{"start":{"line":54,"column":54},"end":{"line":54,"column":55}},"loc":{"start":{"line":54,"column":60},"end":{"line":54,"column":79}},"line":54},"5":{"name":"(anonymous_5)","decl":{"start":{"line":56,"column":52},"end":{"line":56,"column":53}},"loc":{"start":{"line":56,"column":58},"end":{"line":56,"column":89}},"line":56},"6":{"name":"(anonymous_6)","decl":{"start":{"line":60,"column":51},"end":{"line":60,"column":52}},"loc":{"start":{"line":60,"column":57},"end":{"line":60,"column":76}},"line":60},"7":{"name":"(anonymous_7)","decl":{"start":{"line":68,"column":50},"end":{"line":68,"column":51}},"loc":{"start":{"line":68,"column":55},"end":{"line":68,"column":64}},"line":68},"8":{"name":"(anonymous_8)","decl":{"start":{"line":69,"column":42},"end":{"line":69,"column":43}},"loc":{"start":{"line":69,"column":48},"end":{"line":69,"column":100}},"line":69},"9":{"name":"(anonymous_9)","decl":{"start":{"line":70,"column":33},"end":{"line":70,"column":34}},"loc":{"start":{"line":70,"column":38},"end":{"line":70,"column":95}},"line":70},"10":{"name":"(anonymous_10)","decl":{"start":{"line":70,"column":57},"end":{"line":70,"column":58}},"loc":{"start":{"line":70,"column":62},"end":{"line":70,"column":75}},"line":70},"11":{"name":"(anonymous_11)","decl":{"start":{"line":91,"column":12},"end":{"line":91,"column":13}},"loc":{"start":{"line":91,"column":18},"end":{"line":93,"column":3}},"line":91},"12":{"name":"(anonymous_12)","decl":{"start":{"line":95,"column":12},"end":{"line":95,"column":13}},"loc":{"start":{"line":95,"column":18},"end":{"line":97,"column":3}},"line":95},"13":{"name":"(anonymous_13)","decl":{"start":{"line":99,"column":31},"end":{"line":99,"column":32}},"loc":{"start":{"line":99,"column":37},"end":{"line":99,"column":93}},"line":99},"14":{"name":"(anonymous_14)","decl":{"start":{"line":99,"column":51},"end":{"line":99,"column":52}},"loc":{"start":{"line":99,"column":63},"end":{"line":99,"column":89}},"line":99},"15":{"name":"(anonymous_15)","decl":{"start":{"line":100,"column":32},"end":{"line":100,"column":33}},"loc":{"start":{"line":100,"column":38},"end":{"line":100,"column":88}},"line":100},"16":{"name":"(anonymous_16)","decl":{"start":{"line":100,"column":54},"end":{"line":100,"column":55}},"loc":{"start":{"line":100,"column":59},"end":{"line":100,"column":80}},"line":100},"17":{"name":"(anonymous_17)","decl":{"start":{"line":102,"column":35},"end":{"line":102,"column":36}},"loc":{"start":{"line":102,"column":41},"end":{"line":106,"column":3}},"line":102},"18":{"name":"(anonymous_18)","decl":{"start":{"line":105,"column":27},"end":{"line":105,"column":28}},"loc":{"start":{"line":105,"column":32},"end":{"line":105,"column":69}},"line":105},"19":{"name":"(anonymous_19)","decl":{"start":{"line":108,"column":33},"end":{"line":108,"column":34}},"loc":{"start":{"line":108,"column":39},"end":{"line":112,"column":3}},"line":108},"20":{"name":"(anonymous_20)","decl":{"start":{"line":111,"column":25},"end":{"line":111,"column":26}},"loc":{"start":{"line":111,"column":30},"end":{"line":111,"column":91}},"line":111},"21":{"name":"openNewProductModal","decl":{"start":{"line":114,"column":11},"end":{"line":114,"column":30}},"loc":{"start":{"line":114,"column":33},"end":{"line":117,"column":3}},"line":114},"22":{"name":"openEditProductModal","decl":{"start":{"line":118,"column":11},"end":{"line":118,"column":31}},"loc":{"start":{"line":118,"column":35},"end":{"line":121,"column":3}},"line":118},"23":{"name":"closeProductModal","decl":{"start":{"line":122,"column":11},"end":{"line":122,"column":28}},"loc":{"start":{"line":122,"column":31},"end":{"line":125,"column":3}},"line":122},"24":{"name":"saveProduct","decl":{"start":{"line":126,"column":17},"end":{"line":126,"column":28}},"loc":{"start":{"line":126,"column":32},"end":{"line":154,"column":3}},"line":126},"25":{"name":"(anonymous_25)","decl":{"start":{"line":138,"column":33},"end":{"line":138,"column":34}},"loc":{"start":{"line":138,"column":38},"end":{"line":138,"column":123}},"line":138},"26":{"name":"(anonymous_26)","decl":{"start":{"line":147,"column":33},"end":{"line":147,"column":34}},"loc":{"start":{"line":147,"column":38},"end":{"line":147,"column":160}},"line":147},"27":{"name":"deleteProduct","decl":{"start":{"line":155,"column":11},"end":{"line":155,"column":24}},"loc":{"start":{"line":155,"column":29},"end":{"line":164,"column":3}},"line":155},"28":{"name":"(anonymous_28)","decl":{"start":{"line":158,"column":35},"end":{"line":158,"column":36}},"loc":{"start":{"line":158,"column":41},"end":{"line":160,"column":7}},"line":158},"29":{"name":"(anonymous_29)","decl":{"start":{"line":159,"column":36},"end":{"line":159,"column":37}},"loc":{"start":{"line":159,"column":41},"end":{"line":159,"column":63}},"line":159},"30":{"name":"(anonymous_30)","decl":{"start":{"line":162,"column":34},"end":{"line":162,"column":35}},"loc":{"start":{"line":162,"column":39},"end":{"line":162,"column":50}},"line":162},"31":{"name":"updateOrderStatus","decl":{"start":{"line":165,"column":17},"end":{"line":165,"column":34}},"loc":{"start":{"line":165,"column":56},"end":{"line":174,"column":3}},"line":165},"32":{"name":"(anonymous_32)","decl":{"start":{"line":167,"column":34},"end":{"line":167,"column":35}},"loc":{"start":{"line":167,"column":39},"end":{"line":167,"column":119}},"line":167},"33":{"name":"(anonymous_33)","decl":{"start":{"line":170,"column":27},"end":{"line":170,"column":28}},"loc":{"start":{"line":170,"column":32},"end":{"line":170,"column":111}},"line":170},"34":{"name":"(anonymous_34)","decl":{"start":{"line":172,"column":27},"end":{"line":172,"column":28}},"loc":{"start":{"line":172,"column":32},"end":{"line":172,"column":77}},"line":172},"35":{"name":"assignAgentToOrder","decl":{"start":{"line":176,"column":17},"end":{"line":176,"column":35}},"loc":{"start":{"line":176,"column":57},"end":{"line":185,"column":3}},"line":176},"36":{"name":"(anonymous_36)","decl":{"start":{"line":177,"column":34},"end":{"line":177,"column":35}},"loc":{"start":{"line":177,"column":39},"end":{"line":177,"column":107}},"line":177},"37":{"name":"(anonymous_37)","decl":{"start":{"line":180,"column":27},"end":{"line":180,"column":28}},"loc":{"start":{"line":180,"column":32},"end":{"line":180,"column":111}},"line":180},"38":{"name":"toggleExpand","decl":{"start":{"line":187,"column":11},"end":{"line":187,"column":23}},"loc":{"start":{"line":187,"column":34},"end":{"line":189,"column":3}},"line":187},"39":{"name":"(anonymous_39)","decl":{"start":{"line":188,"column":22},"end":{"line":188,"column":23}},"loc":{"start":{"line":188,"column":31},"end":{"line":188,"column":71}},"line":188},"40":{"name":"exportCsv","decl":{"start":{"line":191,"column":11},"end":{"line":191,"column":20}},"loc":{"start":{"line":191,"column":37},"end":{"line":204,"column":3}},"line":191},"41":{"name":"(anonymous_41)","decl":{"start":{"line":194,"column":51},"end":{"line":194,"column":52}},"loc":{"start":{"line":194,"column":56},"end":{"line":194,"column":109}},"line":194},"42":{"name":"(anonymous_42)","decl":{"start":{"line":194,"column":67},"end":{"line":194,"column":68}},"loc":{"start":{"line":194,"column":72},"end":{"line":194,"column":98}},"line":194},"43":{"name":"(anonymous_43)","decl":{"start":{"line":205,"column":26},"end":{"line":205,"column":27}},"loc":{"start":{"line":205,"column":32},"end":{"line":208,"column":3}},"line":205},"44":{"name":"(anonymous_44)","decl":{"start":{"line":244,"column":84},"end":{"line":244,"column":85}},"loc":{"start":{"line":244,"column":90},"end":{"line":244,"column":111}},"line":244},"45":{"name":"(anonymous_45)","decl":{"start":{"line":245,"column":87},"end":{"line":245,"column":88}},"loc":{"start":{"line":245,"column":93},"end":{"line":245,"column":117}},"line":245},"46":{"name":"(anonymous_46)","decl":{"start":{"line":246,"column":85},"end":{"line":246,"column":86}},"loc":{"start":{"line":246,"column":91},"end":{"line":246,"column":113}},"line":246},"47":{"name":"(anonymous_47)","decl":{"start":{"line":247,"column":86},"end":{"line":247,"column":87}},"loc":{"start":{"line":247,"column":92},"end":{"line":247,"column":115}},"line":247},"48":{"name":"(anonymous_48)","decl":{"start":{"line":289,"column":32},"end":{"line":289,"column":33}},"loc":{"start":{"line":289,"column":37},"end":{"line":289,"column":55}},"line":289},"49":{"name":"(anonymous_49)","decl":{"start":{"line":289,"column":61},"end":{"line":289,"column":62}},"loc":{"start":{"line":290,"column":20},"end":{"line":362,"column":25}},"line":290},"50":{"name":"(anonymous_50)","decl":{"start":{"line":334,"column":35},"end":{"line":334,"column":36}},"loc":{"start":{"line":334,"column":41},"end":{"line":336,"column":27}},"line":334},"51":{"name":"(anonymous_51)","decl":{"start":{"line":350,"column":39},"end":{"line":350,"column":40}},"loc":{"start":{"line":350,"column":46},"end":{"line":353,"column":27}},"line":350},"52":{"name":"(anonymous_52)","decl":{"start":{"line":354,"column":38},"end":{"line":354,"column":39}},"loc":{"start":{"line":354,"column":45},"end":{"line":357,"column":27}},"line":354},"53":{"name":"(anonymous_53)","decl":{"start":{"line":385,"column":28},"end":{"line":385,"column":29}},"loc":{"start":{"line":385,"column":35},"end":{"line":385,"column":67}},"line":385},"54":{"name":"(anonymous_54)","decl":{"start":{"line":394,"column":27},"end":{"line":394,"column":28}},"loc":{"start":{"line":394,"column":33},"end":{"line":394,"column":76}},"line":394},"55":{"name":"(anonymous_55)","decl":{"start":{"line":443,"column":40},"end":{"line":443,"column":41}},"loc":{"start":{"line":444,"column":20},"end":{"line":549,"column":25}},"line":444},"56":{"name":"(anonymous_56)","decl":{"start":{"line":513,"column":37},"end":{"line":513,"column":38}},"loc":{"start":{"line":513,"column":43},"end":{"line":513,"column":66}},"line":513},"57":{"name":"(anonymous_57)","decl":{"start":{"line":531,"column":37},"end":{"line":531,"column":38}},"loc":{"start":{"line":531,"column":43},"end":{"line":531,"column":62}},"line":531},"58":{"name":"(anonymous_58)","decl":{"start":{"line":572,"column":28},"end":{"line":572,"column":29}},"loc":{"start":{"line":572,"column":35},"end":{"line":572,"column":65}},"line":572},"59":{"name":"(anonymous_59)","decl":{"start":{"line":581,"column":27},"end":{"line":581,"column":28}},"loc":{"start":{"line":581,"column":33},"end":{"line":581,"column":72}},"line":581},"60":{"name":"(anonymous_60)","decl":{"start":{"line":619,"column":38},"end":{"line":619,"column":39}},"loc":{"start":{"line":619,"column":45},"end":{"line":774,"column":19}},"line":619},"61":{"name":"(anonymous_61)","decl":{"start":{"line":621,"column":74},"end":{"line":621,"column":75}},"loc":{"start":{"line":621,"column":80},"end":{"line":628,"column":21}},"line":621},"62":{"name":"(anonymous_62)","decl":{"start":{"line":623,"column":49},"end":{"line":623,"column":50}},"loc":{"start":{"line":623,"column":54},"end":{"line":623,"column":138}},"line":623},"63":{"name":"(anonymous_63)","decl":{"start":{"line":625,"column":46},"end":{"line":625,"column":47}},"loc":{"start":{"line":625,"column":51},"end":{"line":625,"column":125}},"line":625},"64":{"name":"(anonymous_64)","decl":{"start":{"line":667,"column":40},"end":{"line":667,"column":41}},"loc":{"start":{"line":667,"column":47},"end":{"line":667,"column":95}},"line":667},"65":{"name":"(anonymous_65)","decl":{"start":{"line":685,"column":40},"end":{"line":685,"column":41}},"loc":{"start":{"line":685,"column":47},"end":{"line":685,"column":100}},"line":685},"66":{"name":"(anonymous_66)","decl":{"start":{"line":696,"column":42},"end":{"line":696,"column":43}},"loc":{"start":{"line":697,"column":32},"end":{"line":697,"column":117}},"line":697},"67":{"name":"(anonymous_67)","decl":{"start":{"line":705,"column":41},"end":{"line":705,"column":42}},"loc":{"start":{"line":705,"column":47},"end":{"line":705,"column":69}},"line":705},"68":{"name":"(anonymous_68)","decl":{"start":{"line":723,"column":41},"end":{"line":723,"column":42}},"loc":{"start":{"line":723,"column":47},"end":{"line":727,"column":33}},"line":723},"69":{"name":"(anonymous_69)","decl":{"start":{"line":725,"column":75},"end":{"line":725,"column":76}},"loc":{"start":{"line":725,"column":81},"end":{"line":725,"column":124}},"line":725},"70":{"name":"(anonymous_70)","decl":{"start":{"line":760,"column":55},"end":{"line":760,"column":56}},"loc":{"start":{"line":761,"column":36},"end":{"line":765,"column":41}},"line":761},"71":{"name":"(anonymous_71)","decl":{"start":{"line":829,"column":31},"end":{"line":829,"column":32}},"loc":{"start":{"line":830,"column":20},"end":{"line":899,"column":25}},"line":830},"72":{"name":"(anonymous_72)","decl":{"start":{"line":859,"column":37},"end":{"line":859,"column":38}},"loc":{"start":{"line":859,"column":43},"end":{"line":861,"column":29}},"line":859},"73":{"name":"(anonymous_73)","decl":{"start":{"line":879,"column":37},"end":{"line":879,"column":38}},"loc":{"start":{"line":879,"column":43},"end":{"line":881,"column":29}},"line":879},"74":{"name":"(anonymous_74)","decl":{"start":{"line":909,"column":42},"end":{"line":909,"column":43}},"loc":{"start":{"line":909,"column":49},"end":{"line":909,"column":68}},"line":909},"75":{"name":"(anonymous_75)","decl":{"start":{"line":916,"column":84},"end":{"line":916,"column":85}},"loc":{"start":{"line":916,"column":91},"end":{"line":916,"column":153}},"line":916},"76":{"name":"(anonymous_76)","decl":{"start":{"line":918,"column":85},"end":{"line":918,"column":86}},"loc":{"start":{"line":918,"column":92},"end":{"line":918,"column":155}},"line":918},"77":{"name":"(anonymous_77)","decl":{"start":{"line":920,"column":98},"end":{"line":920,"column":99}},"loc":{"start":{"line":920,"column":105},"end":{"line":920,"column":168}},"line":920},"78":{"name":"(anonymous_78)","decl":{"start":{"line":922,"column":110},"end":{"line":922,"column":111}},"loc":{"start":{"line":922,"column":117},"end":{"line":922,"column":180}},"line":922}},"branchMap":{"0":{"loc":{"start":{"line":54,"column":8},"end":{"line":54,"column":83}},"type":"if","locations":[{"start":{"line":54,"column":8},"end":{"line":54,"column":83}},{"start":{},"end":{}}],"line":54},"1":{"loc":{"start":{"line":56,"column":8},"end":{"line":56,"column":93}},"type":"if","locations":[{"start":{"line":56,"column":8},"end":{"line":56,"column":93}},{"start":{},"end":{}}],"line":56},"2":{"loc":{"start":{"line":56,"column":70},"end":{"line":56,"column":87}},"type":"binary-expr","locations":[{"start":{"line":56,"column":70},"end":{"line":56,"column":79}},{"start":{"line":56,"column":83},"end":{"line":56,"column":87}}],"line":56},"3":{"loc":{"start":{"line":58,"column":8},"end":{"line":59,"column":35}},"type":"if","locations":[{"start":{"line":58,"column":8},"end":{"line":59,"column":35}},{"start":{"line":59,"column":13},"end":{"line":59,"column":35}}],"line":58},"4":{"loc":{"start":{"line":58,"column":12},"end":{"line":58,"column":46}},"type":"binary-expr","locations":[{"start":{"line":58,"column":12},"end":{"line":58,"column":31}},{"start":{"line":58,"column":35},"end":{"line":58,"column":46}}],"line":58},"5":{"loc":{"start":{"line":60,"column":8},"end":{"line":60,"column":80}},"type":"if","locations":[{"start":{"line":60,"column":8},"end":{"line":60,"column":80}},{"start":{},"end":{}}],"line":60},"6":{"loc":{"start":{"line":63,"column":42},"end":{"line":63,"column":90}},"type":"binary-expr","locations":[{"start":{"line":63,"column":42},"end":{"line":63,"column":80}},{"start":{"line":63,"column":84},"end":{"line":63,"column":90}}],"line":63},"7":{"loc":{"start":{"line":64,"column":40},"end":{"line":64,"column":86}},"type":"binary-expr","locations":[{"start":{"line":64,"column":40},"end":{"line":64,"column":76}},{"start":{"line":64,"column":80},"end":{"line":64,"column":86}}],"line":64},"8":{"loc":{"start":{"line":65,"column":40},"end":{"line":65,"column":89}},"type":"binary-expr","locations":[{"start":{"line":65,"column":40},"end":{"line":65,"column":79}},{"start":{"line":65,"column":83},"end":{"line":65,"column":89}}],"line":65},"9":{"loc":{"start":{"line":66,"column":45},"end":{"line":66,"column":97}},"type":"binary-expr","locations":[{"start":{"line":66,"column":45},"end":{"line":66,"column":89}},{"start":{"line":66,"column":93},"end":{"line":66,"column":97}}],"line":66},"10":{"loc":{"start":{"line":67,"column":8},"end":{"line":76,"column":9}},"type":"if","locations":[{"start":{"line":67,"column":8},"end":{"line":76,"column":9}},{"start":{"line":73,"column":15},"end":{"line":76,"column":9}}],"line":67},"11":{"loc":{"start":{"line":69,"column":48},"end":{"line":69,"column":100}},"type":"cond-expr","locations":[{"start":{"line":69,"column":66},"end":{"line":69,"column":95}},{"start":{"line":69,"column":98},"end":{"line":69,"column":100}}],"line":69},"12":{"loc":{"start":{"line":70,"column":40},"end":{"line":70,"column":93}},"type":"if","locations":[{"start":{"line":70,"column":40},"end":{"line":70,"column":93}},{"start":{},"end":{}}],"line":70},"13":{"loc":{"start":{"line":77,"column":18},"end":{"line":77,"column":73}},"type":"cond-expr","locations":[{"start":{"line":77,"column":48},"end":{"line":77,"column":60}},{"start":{"line":77,"column":63},"end":{"line":77,"column":73}}],"line":77},"14":{"loc":{"start":{"line":78,"column":8},"end":{"line":83,"column":9}},"type":"if","locations":[{"start":{"line":78,"column":8},"end":{"line":83,"column":9}},{"start":{"line":80,"column":15},"end":{"line":83,"column":9}}],"line":78},"15":{"loc":{"start":{"line":84,"column":23},"end":{"line":84,"column":106}},"type":"cond-expr","locations":[{"start":{"line":84,"column":84},"end":{"line":84,"column":101}},{"start":{"line":84,"column":104},"end":{"line":84,"column":106}}],"line":84},"16":{"loc":{"start":{"line":84,"column":23},"end":{"line":84,"column":81}},"type":"binary-expr","locations":[{"start":{"line":84,"column":23},"end":{"line":84,"column":40}},{"start":{"line":84,"column":44},"end":{"line":84,"column":81}}],"line":84},"17":{"loc":{"start":{"line":99,"column":76},"end":{"line":99,"column":88}},"type":"binary-expr","locations":[{"start":{"line":99,"column":76},"end":{"line":99,"column":83}},{"start":{"line":99,"column":87},"end":{"line":99,"column":88}}],"line":99},"18":{"loc":{"start":{"line":104,"column":4},"end":{"line":104,"column":28}},"type":"if","locations":[{"start":{"line":104,"column":4},"end":{"line":104,"column":28}},{"start":{},"end":{}}],"line":104},"19":{"loc":{"start":{"line":110,"column":4},"end":{"line":110,"column":26}},"type":"if","locations":[{"start":{"line":110,"column":4},"end":{"line":110,"column":26}},{"start":{},"end":{}}],"line":110},"20":{"loc":{"start":{"line":128,"column":4},"end":{"line":128,"column":37}},"type":"if","locations":[{"start":{"line":128,"column":4},"end":{"line":128,"column":37}},{"start":{},"end":{}}],"line":128},"21":{"loc":{"start":{"line":131,"column":4},"end":{"line":131,"column":59}},"type":"if","locations":[{"start":{"line":131,"column":4},"end":{"line":131,"column":59}},{"start":{},"end":{}}],"line":131},"22":{"loc":{"start":{"line":131,"column":8},"end":{"line":131,"column":50}},"type":"binary-expr","locations":[{"start":{"line":131,"column":8},"end":{"line":131,"column":27}},{"start":{"line":131,"column":31},"end":{"line":131,"column":50}}],"line":131},"23":{"loc":{"start":{"line":134,"column":6},"end":{"line":148,"column":7}},"type":"if","locations":[{"start":{"line":134,"column":6},"end":{"line":148,"column":7}},{"start":{"line":139,"column":13},"end":{"line":148,"column":7}}],"line":134},"24":{"loc":{"start":{"line":134,"column":10},"end":{"line":134,"column":104}},"type":"binary-expr","locations":[{"start":{"line":134,"column":10},"end":{"line":134,"column":28}},{"start":{"line":134,"column":33},"end":{"line":134,"column":70}},{"start":{"line":134,"column":74},"end":{"line":134,"column":103}}],"line":134},"25":{"loc":{"start":{"line":135,"column":62},"end":{"line":135,"column":101}},"type":"binary-expr","locations":[{"start":{"line":135,"column":62},"end":{"line":135,"column":80}},{"start":{"line":135,"column":84},"end":{"line":135,"column":101}}],"line":135},"26":{"loc":{"start":{"line":136,"column":47},"end":{"line":136,"column":86}},"type":"binary-expr","locations":[{"start":{"line":136,"column":47},"end":{"line":136,"column":65}},{"start":{"line":136,"column":69},"end":{"line":136,"column":86}}],"line":136},"27":{"loc":{"start":{"line":136,"column":138},"end":{"line":136,"column":164}},"type":"binary-expr","locations":[{"start":{"line":136,"column":138},"end":{"line":136,"column":158}},{"start":{"line":136,"column":162},"end":{"line":136,"column":164}}],"line":136},"28":{"loc":{"start":{"line":138,"column":38},"end":{"line":138,"column":123}},"type":"cond-expr","locations":[{"start":{"line":138,"column":88},"end":{"line":138,"column":119}},{"start":{"line":138,"column":122},"end":{"line":138,"column":123}}],"line":138},"29":{"loc":{"start":{"line":138,"column":39},"end":{"line":138,"column":84}},"type":"binary-expr","locations":[{"start":{"line":138,"column":39},"end":{"line":138,"column":60}},{"start":{"line":138,"column":64},"end":{"line":138,"column":84}}],"line":138},"30":{"loc":{"start":{"line":139,"column":13},"end":{"line":148,"column":7}},"type":"if","locations":[{"start":{"line":139,"column":13},"end":{"line":148,"column":7}},{"start":{"line":144,"column":13},"end":{"line":148,"column":7}}],"line":139},"31":{"loc":{"start":{"line":140,"column":107},"end":{"line":140,"column":133}},"type":"binary-expr","locations":[{"start":{"line":140,"column":107},"end":{"line":140,"column":127}},{"start":{"line":140,"column":131},"end":{"line":140,"column":133}}],"line":140},"32":{"loc":{"start":{"line":141,"column":97},"end":{"line":141,"column":123}},"type":"binary-expr","locations":[{"start":{"line":141,"column":97},"end":{"line":141,"column":117}},{"start":{"line":141,"column":121},"end":{"line":141,"column":123}}],"line":141},"33":{"loc":{"start":{"line":147,"column":38},"end":{"line":147,"column":160}},"type":"cond-expr","locations":[{"start":{"line":147,"column":67},"end":{"line":147,"column":156}},{"start":{"line":147,"column":159},"end":{"line":147,"column":160}}],"line":147},"34":{"loc":{"start":{"line":147,"column":123},"end":{"line":147,"column":154}},"type":"binary-expr","locations":[{"start":{"line":147,"column":123},"end":{"line":147,"column":143}},{"start":{"line":147,"column":147},"end":{"line":147,"column":154}}],"line":147},"35":{"loc":{"start":{"line":152,"column":40},"end":{"line":152,"column":72}},"type":"binary-expr","locations":[{"start":{"line":152,"column":40},"end":{"line":152,"column":53}},{"start":{"line":152,"column":57},"end":{"line":152,"column":72}}],"line":152},"36":{"loc":{"start":{"line":156,"column":4},"end":{"line":156,"column":56}},"type":"if","locations":[{"start":{"line":156,"column":4},"end":{"line":156,"column":56}},{"start":{},"end":{}}],"line":156},"37":{"loc":{"start":{"line":157,"column":4},"end":{"line":163,"column":5}},"type":"if","locations":[{"start":{"line":157,"column":4},"end":{"line":163,"column":5}},{"start":{"line":161,"column":11},"end":{"line":163,"column":5}}],"line":157},"38":{"loc":{"start":{"line":157,"column":8},"end":{"line":157,"column":48}},"type":"binary-expr","locations":[{"start":{"line":157,"column":8},"end":{"line":157,"column":30}},{"start":{"line":157,"column":34},"end":{"line":157,"column":48}}],"line":157},"39":{"loc":{"start":{"line":159,"column":42},"end":{"line":159,"column":55}},"type":"binary-expr","locations":[{"start":{"line":159,"column":42},"end":{"line":159,"column":47}},{"start":{"line":159,"column":51},"end":{"line":159,"column":55}}],"line":159},"40":{"loc":{"start":{"line":167,"column":39},"end":{"line":167,"column":119}},"type":"binary-expr","locations":[{"start":{"line":167,"column":40},"end":{"line":167,"column":61}},{"start":{"line":167,"column":67},"end":{"line":167,"column":92}},{"start":{"line":167,"column":98},"end":{"line":167,"column":118}}],"line":167},"41":{"loc":{"start":{"line":168,"column":4},"end":{"line":173,"column":5}},"type":"if","locations":[{"start":{"line":168,"column":4},"end":{"line":173,"column":5}},{"start":{"line":171,"column":11},"end":{"line":173,"column":5}}],"line":168},"42":{"loc":{"start":{"line":168,"column":8},"end":{"line":168,"column":34}},"type":"binary-expr","locations":[{"start":{"line":168,"column":8},"end":{"line":168,"column":17}},{"start":{"line":168,"column":21},"end":{"line":168,"column":34}}],"line":168},"43":{"loc":{"start":{"line":170,"column":32},"end":{"line":170,"column":111}},"type":"cond-expr","locations":[{"start":{"line":170,"column":58},"end":{"line":170,"column":107}},{"start":{"line":170,"column":110},"end":{"line":170,"column":111}}],"line":170},"44":{"loc":{"start":{"line":170,"column":76},"end":{"line":170,"column":105}},"type":"binary-expr","locations":[{"start":{"line":170,"column":76},"end":{"line":170,"column":91}},{"start":{"line":170,"column":95},"end":{"line":170,"column":105}}],"line":170},"45":{"loc":{"start":{"line":172,"column":32},"end":{"line":172,"column":77}},"type":"cond-expr","locations":[{"star
[...]
}},"type":"if","locations":[{"start":{"line":43,"column":4},"end":{"line":43,"column":30}},{"start":{},"end":{}}],"line":43},"9":{"loc":{"start":{"line":44,"column":33},"end":{"line":44,"column":141}},"type":"cond-expr","locations":[{"start":{"line":44,"column":52},"end":{"line":44,"column":137}},{"start":{"line":44,"column":140},"end":{"line":44,"column":141}}],"line":44},"10":{"loc":{"start":{"line":44,"column":93},"end":{"line":44,"column":135}},"type":"cond-expr","locations":[{"start":{"line":44,"column":115},"end":{"line":44,"column":124}},{"start":{"line":44,"column":127},"end":{"line":44,"column":135}}],"line":44},"11":{"loc":{"start":{"line":46,"column":41},"end":{"line":46,"column":93}},"type":"binary-expr","locations":[{"start":{"line":46,"column":41},"end":{"line":46,"column":85}},{"start":{"line":46,"column":89},"end":{"line":46,"column":93}}],"line":46},"12":{"loc":{"start":{"line":52,"column":39},"end":{"line":52,"column":101}},"type":"binary-expr","locations":[{"start":{"line":52,"column":39},"end":{"line":52,"column":56}},{"start":{"line":52,"column":60},"end":{"line":52,"column":81}},{"start":{"line":52,"column":85},"end":{"line":52,"column":101}}],"line":52},"13":{"loc":{"start":{"line":53,"column":4},"end":{"line":58,"column":5}},"type":"if","locations":[{"start":{"line":53,"column":4},"end":{"line":58,"column":5}},{"start":{"line":56,"column":11},"end":{"line":58,"column":5}}],"line":53},"14":{"loc":{"start":{"line":53,"column":8},"end":{"line":53,"column":34}},"type":"binary-expr","locations":[{"start":{"line":53,"column":8},"end":{"line":53,"column":17}},{"start":{"line":53,"column":21},"end":{"line":53,"column":34}}],"line":53},"15":{"loc":{"start":{"line":55,"column":32},"end":{"line":55,"column":69}},"type":"cond-expr","locations":[{"start":{"line":55,"column":58},"end":{"line":55,"column":65}},{"start":{"line":55,"column":68},"end":{"line":55,"column":69}}],"line":55},"16":{"loc":{"start":{"line":57,"column":32},"end":{"line":57,"column":71}},"type":"cond-expr","locations":[{"start":{"line":57,"column":51},"end":{"line":57,"column":67}},{"start":{"line":57,"column":70},"end":{"line":57,"column":71}}],"line":57},"17":{"loc":{"start":{"line":63,"column":20},"end":{"line":63,"column":45}},"type":"binary-expr","locations":[{"start":{"line":63,"column":20},"end":{"line":63,"column":31}},{"start":{"line":63,"column":35},"end":{"line":63,"column":45}}],"line":63},"18":{"loc":{"start":{"line":68,"column":44},"end":{"line":68,"column":80}},"type":"cond-expr","locations":[{"start":{"line":68,"column":58},"end":{"line":68,"column":75}},{"start":{"line":68,"column":78},"end":{"line":68,"column":80}}],"line":68},"19":{"loc":{"start":{"line":103,"column":17},"end":{"line":115,"column":17}},"type":"cond-expr","locations":[{"start":{"line":104,"column":18},"end":{"line":104,"column":118}},{"start":{"line":106,"column":18},"end":{"line":114,"column":20}}],"line":103},"20":{"loc":{"start":{"line":108,"column":27},"end":{"line":108,"column":44}},"type":"binary-expr","locations":[{"start":{"line":108,"column":27},"end":{"line":108,"column":36}},{"start":{"line":108,"column":40},"end":{"line":108,"column":44}}],"line":108},"21":{"loc":{"start":{"line":137,"column":17},"end":{"line":164,"column":17}},"type":"cond-expr","locations":[{"start":{"line":138,"column":18},"end":{"line":138,"column":112}},{"start":{"line":140,"column":18},"end":{"line":163,"column":20}}],"line":137},"22":{"loc":{"start":{"line":142,"column":27},"end":{"line":142,"column":44}},"type":"binary-expr","locations":[{"start":{"line":142,"column":27},"end":{"line":142,"column":36}},{"start":{"line":142,"column":40},"end":{"line":142,"column":44}}],"line":142},"23":{"loc":{"start":{"line":147,"column":26},"end":{"line":149,"column":78}},"type":"cond-expr","locations":[{"start":{"line":147,"column":53},"end":{"line":147,"column":68}},{"start":{"line":148,"column":26},"end":{"line":149,"column":78}}],"line":147},"24":{"loc":{"start":{"line":148,"column":26},"end":{"line":149,"column":78}},"type":"cond-expr","locations":[{"start":{"line":148,"column":60},"end":{"line":148,"column":72}},{"start":{"line":149,"column":26},"end":{"line":149,"column":78}}],"line":148},"25":{"loc":{"start":{"line":149,"column":26},"end":{"line":149,"column":78}},"type":"cond-expr","locations":[{"start":{"line":149,"column":53},"end":{"line":149,"column":68}},{"start":{"line":149,"column":71},"end":{"line":149,"column":78}}],"line":149}},"s":{"0":2,"1":11,"2":11,"3":11,"4":2,"5":2,"6":2,"7":2,"8":2,"9":2,"10":2,"11":0,"12":0,"13":0,"14":0,"15":0,"16":11,"17":9,"18":7,"19":9,"20":11,"21":9,"22":7,"23":11,"24":11,"25":7,"26":11,"27":11,"28":11,"29":5,"30":11,"31":5,"32":11,"33":2,"34":0,"35":2,"36":2,"37":2,"38":2,"39":2,"40":2,"41":3,"42":3,"43":3,"44":0,"45":0,"46":0,"47":3,"48":3,"49":11,"50":2,"51":2,"52":5,"53":3},"f":{"0":11,"1":2,"2":2,"3":0,"4":9,"5":7,"6":9,"7":7,"8":11,"9":7,"10":11,"11":5,"12":5,"13":2,"14":2,"15":3,"16":3,"17":0,"18":3,"19":2,"20":2,"21":5,"22":3},"b":{"0":[2,0],"1":[2,0],"2":[2,0],"3":[0,0],"4":[0,0],"5":[0,0],"6":[7,5,4],"7":[5,3,2],"8":[0,2],"9":[2,0],"10":[2,0],"11":[2,2],"12":[3,3,0],"13":[0,3],"14":[3,3],"15":[0,0],"16":[3,0],"17":[11,2],"18":[9,2],"19":[9,2],"20":[2,0],"21":[6,5],"22":[5,0],"23":[1,4],"24":[1,3],"25":[1,2]},"_coverageSchema":"1a1c01bbd47fc00a2c39e90264f33305004495a9","hash":"64490e7de8174c3f0bf2ffeb758786dfc78e3509"}
,"/Users/gokul/Desktop/online-grocery/online-grocery/frontend/src/pages/Login.js": {"path":"/Users/gokul/Desktop/online-grocery/online-grocery/frontend/src/pages/Login.js","statementMap":{"0":{"start":{"line":8,"column":18},"end":{"line":8,"column":30}},"1":{"start":{"line":9,"column":28},"end":{"line":9,"column":40}},"2":{"start":{"line":10,"column":34},"end":{"line":10,"column":46}},"3":{"start":{"line":12,"column":23},"end":{"line":33,"column":3}},"4":{"start":{"line":13,"column":4},"end":{"line":13,"column":23}},"5":{"start":{"line":14,"column":4},"end":{"line":17,"column":5}},"6":{"start":{"line":15,"column":6},"end":{"line":15,"column":47}},"7":{"start":{"line":16,"column":6},"end":{"line":16,"column":13}},"8":{"start":{"line":18,"column":4},"end":{"line":32,"column":5}},"9":{"start":{"line":19,"column":18},"end":{"line":19,"column":54}},"10":{"start":{"line":20,"column":6},"end":{"line":23,"column":7}},"11":{"start":{"line":21,"column":8},"end":{"line":21,"column":48}},"12":{"start":{"line":22,"column":8},"end":{"line":22,"column":15}},"13":{"start":{"line":24,"column":19},"end":{"line":24,"column":32}},"14":{"start":{"line":25,"column":19},"end":{"line":25,"column":32}},"15":{"start":{"line":26,"column":6},"end":{"line":26,"column":81}},"16":{"start":{"line":27,"column":6},"end":{"line":29,"column":38}},"17":{"start":{"line":27,"column":28},"end":{"line":27,"column":51}},"18":{"start":{"line":28,"column":11},"end":{"line":29,"column":38}},"19":{"start":{"line":28,"column":36},"end":{"line":28,"column":62}},"20":{"start":{"line":29,"column":11},"end":{"line":29,"column":38}},"21":{"start":{"line":31,"column":6},"end":{"line":31,"column":77}},"22":{"start":{"line":35,"column":2},"end":{"line":66,"column":4}},"23":{"start":{"line":45,"column":31},"end":{"line":45,"column":55}},"24":{"start":{"line":53,"column":31},"end":{"line":53,"column":58}}},"fnMap":{"0":{"name":"Login","decl":{"start":{"line":7,"column":9},"end":{"line":7,"column":14}},"loc":{"start":{"line":7,"column":17},"end":{"line":67,"column":1}},"line":7},"1":{"name":"(anonymous_1)","decl":{"start":{"line":12,"column":23},"end":{"line":12,"column":24}},"loc":{"start":{"line":12,"column":36},"end":{"line":33,"column":3}},"line":12},"2":{"name":"(anonymous_2)","decl":{"start":{"line":45,"column":24},"end":{"line":45,"column":25}},"loc":{"start":{"line":45,"column":31},"end":{"line":45,"column":55}},"line":45},"3":{"name":"(anonymous_3)","decl":{"start":{"line":53,"column":24},"end":{"line":53,"column":25}},"loc":{"start":{"line":53,"column":31},"end":{"line":53,"column":58}},"line":53}},"branchMap":{"0":{"loc":{"start":{"line":14,"column":4},"end":{"line":17,"column":5}},"type":"if","locations":[{"start":{"line":14,"column":4},"end":{"line":17,"column":5}},{"start":{},"end":{}}],"line":14},"1":{"loc":{"start":{"line":14,"column":8},"end":{"line":14,"column":27}},"type":"binary-expr","locations":[{"start":{"line":14,"column":8},"end":{"line":14,"column":14}},{"start":{"line":14,"column":18},"end":{"line":14,"column":27}}],"line":14},"2":{"loc":{"start":{"line":20,"column":6},"end":{"line":23,"column":7}},"type":"if","locations":[{"start":{"line":20,"column":6},"end":{"line":23,"column":7}},{"start":{},"end":{}}],"line":20},"3":{"loc":{"start":{"line":21,"column":14},"end":{"line":21,"column":46}},"type":"binary-expr","locations":[{"start":{"line":21,"column":14},"end":{"line":21,"column":21}},{"start":{"line":21,"column":25},"end":{"line":21,"column":46}}],"line":21},"4":{"loc":{"start":{"line":27,"column":6},"end":{"line":29,"column":38}},"type":"if","locations":[{"start":{"line":27,"column":6},"end":{"line":29,"column":38}},{"start":{"line":28,"column":11},"end":{"line":29,"column":38}}],"line":27},"5":{"loc":{"start":{"line":28,"column":11},"end":{"line":29,"column":38}},"type":"if","locations":[{"start":{"line":28,"column":11},"end":{"line":29,"column":38}},{"start":{"line":29,"column":11},"end":{"line":29,"column":38}}],"line":28}},"s":{"0":0,"1":0,"2":0,"3":0,"4":0,"5":0,"6":0,"7":0,"8":0,"9":0,"10":0,"11":0,"12":0,"13":0,"14":0,"15":0,"16":0,"17":0,"18":0,"19":0,"20":0,"21":0,"22":0,"23":0,"24":0},"f":{"0":0,"1":0,"2":0,"3":0},"b":{"0":[0,0],"1":[0,0],"2":[0,0],"3":[0,0],"4":[0,0],"5":[0,0]}}
,"/Users/gokul/Desktop/online-grocery/online-grocery/frontend/src/pages/OrderConfirmation.js": {"path":"/Users/gokul/Desktop/online-grocery/online-grocery/frontend/src/pages/OrderConfirmation.js","statementMap":{"0":{"start":{"line":8,"column":26},"end":{"line":59,"column":1}},"1":{"start":{"line":9,"column":19},"end":{"line":9,"column":32}},"2":{"start":{"line":10,"column":18},"end":{"line":10,"column":30}},"3":{"start":{"line":11,"column":20},"end":{"line":11,"column":40}},"4":{"start":{"line":13,"column":2},"end":{"line":27,"column":3}},"5":{"start":{"line":14,"column":4},"end":{"line":26,"column":6}},"6":{"start":{"line":20,"column":59},"end":{"line":20,"column":85}},"7":{"start":{"line":29,"column":2},"end":{"line":58,"column":4}},"8":{"start":{"line":42,"column":14},"end":{"line":45,"column":20}},"9":{"start":{"line":51,"column":59},"end":{"line":51,"column":85}}},"fnMap":{"0":{"name":"(anonymous_0)","decl":{"start":{"line":8,"column":26},"end":{"line":8,"column":27}},"loc":{"start":{"line":8,"column":32},"end":{"line":59,"column":1}},"line":8},"1":{"name":"(anonymous_1)","decl":{"start":{"line":20,"column":53},"end":{"line":20,"column":54}},"loc":{"start":{"line":20,"column":59},"end":{"line":20,"column":85}},"line":20},"2":{"name":"(anonymous_2)","decl":{"start":{"line":41,"column":29},"end":{"line":41,"column":30}},"loc":{"start":{"line":42,"column":14},"end":{"line":45,"column":20}},"line":42},"3":{"name":"(anonymous_3)","decl":{"start":{"line":51,"column":53},"end":{"line":51,"column":54}},"loc":{"start":{"line":51,"column":59},"end":{"line":51,"column":85}},"line":51}},"branchMap":{"0":{"loc":{"start":{"line":11,"column":20},"end":{"line":11,"column":40}},"type":"binary-expr","locations":[{"start":{"line":11,"column":20},"end":{"line":11,"column":34}},{"start":{"line":11,"column":38},"end":{"line":11,"column":40}}],"line":11},"1":{"loc":{"start":{"line":13,"column":2},"end":{"line":27,"column":3}},"type":"if","locations":[{"start":{"line":13,"column":2},"end":{"line":27,"column":3}},{"start":{},"end":{}}],"line":13},"2":{"loc":{"start":{"line":37,"column":43},"end":{"line":37,"column":65}},"type":"binary-expr","locations":[{"start":{"line":37,"column":43},"end":{"line":37,"column":56}},{"start":{"line":37,"column":60},"end":{"line":37,"column":65}}],"line":37}},"s":{"0":0,"1":0,"2":0,"3":0,"4":0,"5":0,"6":0,"7":0,"8":0,"9":0},"f":{"0":0,"1":0,"2":0,"3":0},"b":{"0":[0,0],"1":[0,0],"2":[0,0]}}
,"/Users/gokul/Desktop/online-grocery/online-grocery/frontend/src/pages/Profile.js": {"path":"/Users/gokul/Desktop/online-grocery/online-grocery/frontend/src/pages/Profile.js","statementMap":{"0":{"start":{"line":5,"column":16},"end":{"line":110,"column":1}},"1":{"start":{"line":6,"column":18},"end":{"line":6,"column":30}},"2":{"start":{"line":7,"column":13},"end":{"line":7,"column":17}},"3":{"start":{"line":8,"column":2},"end":{"line":8,"column":84}},"4":{"start":{"line":8,"column":8},"end":{"line":8,"column":73}},"5":{"start":{"line":9,"column":2},"end":{"line":16,"column":3}},"6":{"start":{"line":10,"column":4},"end":{"line":15,"column":6}},"7":{"start":{"line":17,"column":2},"end":{"line":109,"column":4}},"8":{"start":{"line":73,"column":18},"end":{"line":76,"column":28}},"9":{"start":{"line":74,"column":20},"end":{"line":74,"column":53}},"10":{"start":{"line":75,"column":20},"end":{"line":75,"column":59}},"11":{"start":{"line":77,"column":18},"end":{"line":77,"column":36}},"12":{"start":{"line":94,"column":18},"end":{"line":94,"column":64}},"13":{"start":{"line":95,"column":18},"end":{"line":95,"column":83}},"14":{"start":{"line":98,"column":18},"end":{"line":98,"column":61}},"15":{"start":{"line":99,"column":18},"end":{"line":99,"column":83}}},"fnMap":{"0":{"name":"(anonymous_0)","decl":{"start":{"line":5,"column":16},"end":{"line":5,"column":17}},"loc":{"start":{"line":5,"column":22},"end":{"line":110,"column":1}},"line":5},"1":{"name":"(anonymous_1)","decl":{"start":{"line":72,"column":25},"end":{"line":72,"column":26}},"loc":{"start":{"line":72,"column":31},"end":{"line":78,"column":17}},"line":72},"2":{"name":"(anonymous_2)","decl":{"start":{"line":93,"column":29},"end":{"line":93,"column":30}},"loc":{"start":{"line":93,"column":36},"end":{"line":96,"column":17}},"line":93},"3":{"name":"(anonymous_3)","decl":{"start":{"line":97,"column":28},"end":{"line":97,"column":29}},"loc":{"start":{"line":97,"column":35},"end":{"line":100,"column":17}},"line":97}},"branchMap":{"0":{"loc":{"start":{"line":8,"column":26},"end":{"line":8,"column":71}},"type":"binary-expr","locations":[{"start":{"line":8,"column":26},"end":{"line":8,"column":61}},{"start":{"line":8,"column":65},"end":{"line":8,"column":71}}],"line":8},"1":{"loc":{"start":{"line":9,"column":2},"end":{"line":16,"column":3}},"type":"if","locations":[{"start":{"line":9,"column":2},"end":{"line":16,"column":3}},{"start":{},"end":{}}],"line":9},"2":{"loc":{"start":{"line":48,"column":24},"end":{"line":48,"column":40}},"type":"binary-expr","locations":[{"start":{"line":48,"column":24},"end":{"line":48,"column":33}},{"start":{"line":48,"column":37},"end":{"line":48,"column":40}}],"line":48}},"s":{"0":0,"1":0,"2":0,"3":0,"4":0,"5":0,"6":0,"7":0,"8":0,"9":0,"10":0,"11":0,"12":0,"13":0,"14":0,"15":0},"f":{"0":0,"1":0,"2":0,"3":0},"b":{"0":[0,0],"1":[0,0],"2":[0,0]}}
,"/Users/gokul/Desktop/online-grocery/online-grocery/frontend/src/pages/Register.js": {"path":"/Users/gokul/Desktop/online-grocery/online-grocery/frontend/src/pages/Register.js","statementMap":{"0":{"start":{"line":8,"column":18},"end":{"line":8,"column":30}},"1":{"start":{"line":9,"column":26},"end":{"line":9,"column":38}},"2":{"start":{"line":10,"column":28},"end":{"line":10,"column":40}},"3":{"start":{"line":11,"column":34},"end":{"line":11,"column":46}},"4":{"start":{"line":13,"column":23},"end":{"line":37,"column":3}},"5":{"start":{"line":14,"column":4},"end":{"line":14,"column":23}},"6":{"start":{"line":15,"column":4},"end":{"line":18,"column":5}},"7":{"start":{"line":16,"column":6},"end":{"line":16,"column":39}},"8":{"start":{"line":17,"column":6},"end":{"line":17,"column":13}},"9":{"start":{"line":21,"column":4},"end":{"line":24,"column":5}},"10":{"start":{"line":22,"column":6},"end":{"line":22,"column":59}},"11":{"start":{"line":23,"column":6},"end":{"line":23,"column":13}},"12":{"start":{"line":26,"column":4},"end":{"line":36,"column":5}},"13":{"start":{"line":27,"column":18},"end":{"line":27,"column":81}},"14":{"start":{"line":28,"column":6},"end":{"line":31,"column":7}},"15":{"start":{"line":29,"column":8},"end":{"line":29,"column":49}},"16":{"start":{"line":30,"column":8},"end":{"line":30,"column":15}},"17":{"start":{"line":32,"column":6},"end":{"line":32,"column":54}},"18":{"start":{"line":33,"column":6},"end":{"line":33,"column":24}},"19":{"start":{"line":35,"column":6},"end":{"line":35,"column":93}},"20":{"start":{"line":39,"column":2},"end":{"line":79,"column":4}},"21":{"start":{"line":49,"column":31},"end":{"line":49,"column":54}},"22":{"start":{"line":57,"column":31},"end":{"line":57,"column":55}},"23":{"start":{"line":65,"column":31},"end":{"line":65,"column":58}}},"fnMap":{"0":{"name":"Register","decl":{"start":{"line":7,"column":9},"end":{"line":7,"column":17}},"loc":{"start":{"line":7,"column":20},"end":{"line":80,"column":1}},"line":7},"1":{"name":"(anonymous_1)","decl":{"start":{"line":13,"column":23},"end":{"line":13,"column":24}},"loc":{"start":{"line":13,"column":36},"end":{"line":37,"column":3}},"line":13},"2":{"name":"(anonymous_2)","decl":{"start":{"line":49,"column":24},"end":{"line":49,"column":25}},"loc":{"start":{"line":49,"column":31},"end":{"line":49,"column":54}},"line":49},"3":{"name":"(anonymous_3)","decl":{"start":{"line":57,"column":24},"end":{"line":57,"column":25}},"loc":{"start":{"line":57,"column":31},"end":{"line":57,"column":55}},"line":57},"4":{"name":"(anonymous_4)","decl":{"start":{"line":65,"column":24},"end":{"line":65,"column":25}},"loc":{"start":{"line":65,"column":31},"end":{"line":65,"column":58}},"line":65}},"branchMap":{"0":{"loc":{"start":{"line":15,"column":4},"end":{"line":18,"column":5}},"type":"if","locations":[{"start":{"line":15,"column":4},"end":{"line":18,"column":5}},{"start":{},"end":{}}],"line":15},"1":{"loc":{"start":{"line":15,"column":8},"end":{"line":15,"column":36}},"type":"binary-expr","locations":[{"start":{"line":15,"column":8},"end":{"line":15,"column":13}},{"start":{"line":15,"column":17},"end":{"line":15,"column":23}},{"start":{"line":15,"column":27},"end":{"line":15,"column":36}}],"line":15},"2":{"loc":{"start":{"line":21,"column":4},"end":{"line":24,"column":5}},"type":"if","locations":[{"start":{"line":21,"column":4},"end":{"line":24,"column":5}},{"start":{},"end":{}}],"line":21},"3":{"loc":{"start":{"line":28,"column":6},"end":{"line":31,"column":7}},"type":"if","locations":[{"start":{"line":28,"column":6},"end":{"line":31,"column":7}},{"start":{},"end":{}}],"line":28},"4":{"loc":{"start":{"line":29,"column":14},"end":{"line":29,"column":47}},"type":"binary-expr","locations":[{"start":{"line":29,"column":14},"end":{"line":29,"column":22}},{"start":{"line":29,"column":26},"end":{"line":29,"column":47}}],"line":29},"5":{"loc":{"start":{"line":35,"column":12},"end":{"line":35,"column":91}},"type":"binary-expr","locations":[{"start":{"line":35,"column":13},"end":{"line":35,"column":16}},{"start":{"line":35,"column":20},"end":{"line":35,"column":31}},{"start":{"line":35,"column":36},"end":{"line":35,"column":91}}],"line":35}},"s":{"0":0,"1":0,"2":0,"3":0,"4":0,"5":0,"6":0,"7":0,"8":0,"9":0,"10":0,"11":0,"12":0,"13":0,"14":0,"15":0,"16":0,"17":0,"18":0,"19":0,"20":0,"21":0,"22":0,"23":0},"f":{"0":0,"1":0,"2":0,"3":0,"4":0},"b":{"0":[0,0],"1":[0,0,0],"2":[0,0],"3":[0,0],"4":[0,0],"5":[0,0,0]}}
,"/Users/gokul/Desktop/online-grocery/online-grocery/frontend/src/pages/ShopDashboard.js": {"path":"/Users/gokul/Desktop/online-grocery/online-grocery/frontend/src/pages/ShopDashboard.js","statementMap":{"0":{"start":{"line":4,"column":22},"end":{"line":20,"column":1}},"1":{"start":{"line":5,"column":2},"end":{"line":19,"column":4}}},"fnMap":{"0":{"name":"(anonymous_0)","decl":{"start":{"line":4,"column":22},"end":{"line":4,"column":23}},"loc":{"start":{"line":4,"column":28},"end":{"line":20,"column":1}},"line":4}},"branchMap":{},"s":{"0":0,"1":0},"f":{"0":0},"b":{}}
}
