TN:
SF:src/App.js
FN:17,isAuthed
FN:20,getRole
FN:24,(anonymous_2)
FN:27,(anonymous_3)
FN:35,App
FNF:5
FNH:0
FNDA:0,isAuthed
FNDA:0,getRole
FNDA:0,(anonymous_2)
FNDA:0,(anonymous_3)
FNDA:0,App
DA:18,0
DA:21,0
DA:24,0
DA:25,0
DA:28,0
DA:29,0
DA:30,0
DA:36,0
LF:8
LH:0
BRDA:21,0,0,0
BRDA:21,0,1,0
BRDA:21,1,0,0
BRDA:21,1,1,0
BRDA:28,2,0,0
BRDA:28,2,1,0
BRDA:29,3,0,0
BRDA:29,3,1,0
BRDA:29,4,0,0
BRDA:29,4,1,0
BRDA:29,4,2,0
BRF:11
BRH:0
end_of_record
TN:
SF:src/index.js
FNF:0
FNH:0
DA:8,0
DA:9,0
LF:2
LH:0
BRF:0
BRH:0
end_of_record
TN:
SF:src/mockApi.js
FN:4,(anonymous_0)
FN:5,(anonymous_1)
FN:7,handleJson
FN:11,(anonymous_3)
FN:16,(anonymous_4)
FN:26,(anonymous_5)
FN:37,(anonymous_6)
FN:46,(anonymous_7)
FN:63,(anonymous_8)
FN:72,(anonymous_9)
FN:77,(anonymous_10)
FN:82,(anonymous_11)
FN:91,(anonymous_12)
FN:100,(anonymous_13)
FN:109,(anonymous_14)
FN:114,(anonymous_15)
FNF:16
FNH:0
FNDA:0,(anonymous_0)
FNDA:0,(anonymous_1)
FNDA:0,handleJson
FNDA:0,(anonymous_3)
FNDA:0,(anonymous_4)
FNDA:0,(anonymous_5)
FNDA:0,(anonymous_6)
FNDA:0,(anonymous_7)
FNDA:0,(anonymous_8)
FNDA:0,(anonymous_9)
FNDA:0,(anonymous_10)
FNDA:0,(anonymous_11)
FNDA:0,(anonymous_12)
FNDA:0,(anonymous_13)
FNDA:0,(anonymous_14)
FNDA:0,(anonymous_15)
DA:3,6
DA:4,6
DA:5,6
DA:8,0
DA:9,0
DA:11,0
DA:12,0
DA:13,0
DA:16,6
DA:17,0
DA:22,0
DA:23,0
DA:26,6
DA:27,0
DA:32,0
DA:33,0
DA:34,0
DA:37,6
DA:38,0
DA:39,0
DA:40,0
DA:41,0
DA:42,0
DA:43,0
DA:46,6
DA:47,0
DA:48,0
DA:49,0
DA:51,0
DA:57,0
DA:58,0
DA:59,0
DA:60,0
DA:63,6
DA:64,0
DA:69,0
DA:72,6
DA:73,0
DA:74,0
DA:77,6
DA:78,0
DA:79,0
DA:82,6
DA:83,0
DA:88,0
DA:91,6
DA:92,0
DA:97,0
DA:100,6
DA:101,0
DA:106,0
DA:109,6
DA:110,0
DA:111,0
DA:114,6
DA:115,0
DA:116,0
LF:57
LH:15
BRDA:3,0,0,6
BRDA:3,0,1,6
BRDA:5,1,0,0
BRDA:5,1,1,0
BRDA:8,2,0,0
BRDA:8,2,1,0
BRDA:12,3,0,0
BRDA:12,3,1,0
BRDA:12,4,0,0
BRDA:12,4,1,0
BRDA:33,5,0,0
BRDA:33,5,1,0
BRF:12
BRH:2
end_of_record
TN:
SF:src/reportWebVitals.js
FN:1,(anonymous_0)
FN:3,(anonymous_1)
FNF:2
FNH:0
FNDA:0,(anonymous_0)
FNDA:0,(anonymous_1)
DA:1,0
DA:2,0
DA:3,0
DA:4,0
DA:5,0
DA:6,0
DA:7,0
DA:8,0
LF:8
LH:0
BRDA:2,0,0,0
BRDA:2,0,1,0
BRDA:2,1,0,0
BRDA:2,1,1,0
BRF:4
BRH:0
end_of_record
TN:
SF:src/components/Cart.js
FN:4,(anonymous_0)
FN:5,(anonymous_1)
FN:14,(anonymous_2)
FN:17,(anonymous_3)
FNF:4
FNH:0
FNDA:0,(anonymous_0)
FNDA:0,(anonymous_1)
FNDA:0,(anonymous_2)
FNDA:0,(anonymous_3)
DA:4,0
DA:5,0
DA:7,0
DA:15,0
DA:17,0
LF:5
LH:0
BRDA:10,0,0,0
BRDA:10,0,1,0
BRF:2
BRH:0
end_of_record
TN:
SF:src/components/Modal.js
FN:4,(anonymous_0)
FN:5,(anonymous_1)
FNF:2
FNH:0
FNDA:0,(anonymous_0)
FNDA:0,(anonymous_1)
DA:4,0
DA:5,0
DA:6,0
DA:7,0
DA:10,0
LF:5
LH:0
BRF:0
BRH:0
end_of_record
TN:
SF:src/components/Navbar.js
FN:6,(anonymous_0)
FN:10,handleLogout
FN:20,(anonymous_2)
FN:57,(anonymous_3)
FN:61,(anonymous_4)
FN:91,(anonymous_5)
FN:95,(anonymous_6)
FN:121,(anonymous_7)
FN:125,(anonymous_8)
FNF:9
FNH:2
FNDA:17,(anonymous_0)
FNDA:0,handleLogout
FNDA:17,(anonymous_2)
FNDA:0,(anonymous_3)
FNDA:0,(anonymous_4)
FNDA:0,(anonymous_5)
FNDA:0,(anonymous_6)
FNDA:0,(anonymous_7)
FNDA:0,(anonymous_8)
DA:6,4
DA:7,17
DA:8,17
DA:11,0
DA:12,0
DA:13,0
DA:15,0
DA:16,0
DA:17,0
DA:20,17
DA:21,17
DA:24,17
DA:26,17
DA:58,0
DA:59,0
DA:62,0
DA:63,0
DA:92,0
DA:93,0
DA:96,0
DA:97,0
DA:122,0
DA:123,0
DA:126,0
DA:127,0
LF:25
LH:7
BRDA:15,0,0,0
BRDA:15,0,1,0
BRDA:16,1,0,0
BRDA:16,1,1,0
BRDA:21,2,0,17
BRDA:21,2,1,6
BRDA:24,3,0,11
BRDA:24,3,1,6
BRDA:32,4,0,17
BRDA:32,4,1,11
BRDA:38,5,0,6
BRDA:38,5,1,11
BRDA:73,6,0,11
BRDA:73,6,1,11
BRDA:103,7,0,11
BRDA:103,7,1,0
BRDA:103,7,2,0
BRF:17
BRH:11
end_of_record
TN:
SF:src/components/ProductCard.js
FN:7,(anonymous_0)
FN:11,(anonymous_1)
FN:13,(anonymous_2)
FNF:3
FNH:0
FNDA:0,(anonymous_0)
FNDA:0,(anonymous_1)
FNDA:0,(anonymous_2)
DA:7,0
DA:8,0
DA:9,0
DA:11,0
DA:13,0
DA:15,0
DA:16,0
DA:17,0
DA:20,0
LF:9
LH:0
BRF:0
BRH:0
end_of_record
TN:
SF:src/context/CartContext.js
FN:7,CartProvider
FN:10,(anonymous_1)
FN:11,(anonymous_2)
FN:12,(anonymous_3)
FN:14,(anonymous_4)
FN:25,(anonymous_5)
FN:27,(anonymous_6)
FN:27,(anonymous_7)
FN:29,(anonymous_8)
FN:30,(anonymous_9)
FN:37,(anonymous_10)
FN:38,(anonymous_11)
FN:38,(anonymous_12)
FN:41,(anonymous_13)
FN:48,(anonymous_14)
FN:49,(anonymous_15)
FN:75,(anonymous_16)
FN:84,(anonymous_17)
FN:85,(anonymous_18)
FN:104,useCart
FNF:20
FNH:10
FNDA:13,CartProvider
FNDA:3,(anonymous_1)
FNDA:3,(anonymous_2)
FNDA:0,(anonymous_3)
FNDA:0,(anonymous_4)
FNDA:0,(anonymous_5)
FNDA:0,(anonymous_6)
FNDA:0,(anonymous_7)
FNDA:0,(anonymous_8)
FNDA:0,(anonymous_9)
FNDA:0,(anonymous_10)
FNDA:0,(anonymous_11)
FNDA:0,(anonymous_12)
FNDA:3,(anonymous_13)
FNDA:3,(anonymous_14)
FNDA:3,(anonymous_15)
FNDA:3,(anonymous_16)
FNDA:3,(anonymous_17)
FNDA:3,(anonymous_18)
FNDA:31,useCart
DA:5,6
DA:8,13
DA:10,13
DA:11,3
DA:12,3
DA:13,3
DA:14,0
DA:15,0
DA:20,3
DA:25,13
DA:26,0
DA:27,0
DA:29,0
DA:30,0
DA:31,0
DA:37,13
DA:38,0
DA:41,13
DA:42,3
DA:43,3
DA:44,3
DA:48,3
DA:49,3
DA:51,3
DA:52,3
DA:53,3
DA:55,3
DA:57,2
DA:58,2
DA:62,1
DA:63,1
DA:64,1
DA:65,1
DA:69,3
DA:75,3
DA:80,3
DA:81,3
DA:84,13
DA:85,13
DA:87,13
DA:105,31
LF:41
LH:33
BRDA:13,0,0,0
BRDA:13,0,1,3
BRDA:15,1,0,0
BRDA:15,1,1,0
BRDA:26,2,0,0
BRDA:26,2,1,0
BRDA:31,3,0,0
BRDA:31,3,1,0
BRDA:41,4,0,0
BRDA:42,5,0,3
BRDA:42,5,1,3
BRDA:46,6,0,3
BRDA:46,6,1,3
BRDA:46,6,2,2
BRDA:47,7,0,3
BRDA:47,7,1,3
BRDA:57,8,0,2
BRDA:57,8,1,0
BRDA:57,9,0,2
BRDA:57,9,1,2
BRDA:58,10,0,2
BRDA:58,10,1,0
BRDA:62,11,0,1
BRDA:62,11,1,1
BRDA:63,12,0,0
BRDA:63,12,1,1
BRDA:70,13,0,3
BRDA:70,13,1,0
BRDA:70,13,2,0
BRDA:71,14,0,3
BRDA:71,14,1,0
BRDA:73,15,0,3
BRDA:73,15,1,0
BRDA:74,16,0,3
BRDA:74,16,1,0
BRDA:74,17,0,0
BRDA:74,17,1,0
BRDA:77,18,0,3
BRDA:77,18,1,0
BRDA:77,19,0,0
BRDA:77,19,1,0
BRF:41
BRH:20
end_of_record
TN:
SF:src/data/products.js
FNF:0
FNH:0
DA:3,2
LF:1
LH:1
BRF:0
BRH:0
end_of_record
TN:
SF:src/pages/AdminDashboard.js
FN:7,(anonymous_0)
FN:22,(anonymous_1)
FN:23,(anonymous_2)
FN:34,load
FN:54,(anonymous_4)
FN:56,(anonymous_5)
FN:60,(anonymous_6)
FN:68,(anonymous_7)
FN:69,(anonymous_8)
FN:70,(anonymous_9)
FN:70,(anonymous_10)
FN:91,(anonymous_11)
FN:95,(anonymous_12)
FN:99,(anonymous_13)
FN:99,(anonymous_14)
FN:100,(anonymous_15)
FN:100,(anonymous_16)
FN:102,(anonymous_17)
FN:105,(anonymous_18)
FN:108,(anonymous_19)
FN:111,(anonymous_20)
FN:114,openNewProductModal
FN:118,openEditProductModal
FN:122,closeProductModal
FN:126,saveProduct
FN:138,(anonymous_25)
FN:147,(anonymous_26)
FN:155,deleteProduct
FN:158,(anonymous_28)
FN:159,(anonymous_29)
FN:162,(anonymous_30)
FN:165,updateOrderStatus
FN:167,(anonymous_32)
FN:170,(anonymous_33)
FN:172,(anonymous_34)
FN:176,assignAgentToOrder
FN:177,(anonymous_36)
FN:180,(anonymous_37)
FN:187,toggleExpand
FN:188,(anonymous_39)
FN:191,exportCsv
FN:194,(anonymous_41)
FN:194,(anonymous_42)
FN:205,(anonymous_43)
FN:244,(anonymous_44)
FN:245,(anonymous_45)
FN:246,(anonymous_46)
FN:247,(anonymous_47)
FN:289,(anonymous_48)
FN:289,(anonymous_49)
FN:334,(anonymous_50)
FN:350,(anonymous_51)
FN:354,(anonymous_52)
FN:385,(anonymous_53)
FN:394,(anonymous_54)
FN:443,(anonymous_55)
FN:513,(anonymous_56)
FN:531,(anonymous_57)
FN:572,(anonymous_58)
FN:581,(anonymous_59)
FN:619,(anonymous_60)
FN:621,(anonymous_61)
FN:623,(anonymous_62)
FN:625,(anonymous_63)
FN:667,(anonymous_64)
FN:685,(anonymous_65)
FN:696,(anonymous_66)
FN:705,(anonymous_67)
FN:723,(anonymous_68)
FN:725,(anonymous_69)
FN:760,(anonymous_70)
FN:829,(anonymous_71)
FN:859,(anonymous_72)
FN:879,(anonymous_73)
FN:909,(anonymous_74)
FN:916,(anonymous_75)
FN:918,(anonymous_76)
FN:920,(anonymous_77)
FN:922,(anonymous_78)
FNF:79
FNH:23
FNDA:6,(anonymous_0)
FNDA:2,(anonymous_1)
FNDA:0,(anonymous_2)
FNDA:2,load
FNDA:0,(anonymous_4)
FNDA:2,(anonymous_5)
FNDA:0,(anonymous_6)
FNDA:0,(anonymous_7)
FNDA:0,(anonymous_8)
FNDA:0,(anonymous_9)
FNDA:0,(anonymous_10)
FNDA:4,(anonymous_11)
FNDA:5,(anonymous_12)
FNDA:5,(anonymous_13)
FNDA:3,(anonymous_14)
FNDA:4,(anonymous_15)
FNDA:0,(anonymous_16)
FNDA:4,(anonymous_17)
FNDA:0,(anonymous_18)
FNDA:5,(anonymous_19)
FNDA:0,(anonymous_20)
FNDA:0,openNewProductModal
FNDA:0,openEditProductModal
FNDA:0,closeProductModal
FNDA:0,saveProduct
FNDA:0,(anonymous_25)
FNDA:0,(anonymous_26)
FNDA:0,deleteProduct
FNDA:0,(anonymous_28)
FNDA:0,(anonymous_29)
FNDA:0,(anonymous_30)
FNDA:2,updateOrderStatus
FNDA:2,(anonymous_32)
FNDA:2,(anonymous_33)
FNDA:0,(anonymous_34)
FNDA:0,assignAgentToOrder
FNDA:0,(anonymous_36)
FNDA:0,(anonymous_37)
FNDA:1,toggleExpand
FNDA:1,(anonymous_39)
FNDA:0,exportCsv
FNDA:0,(anonymous_41)
FNDA:0,(anonymous_42)
FNDA:2,(anonymous_43)
FNDA:0,(anonymous_44)
FNDA:0,(anonymous_45)
FNDA:2,(anonymous_46)
FNDA:0,(anonymous_47)
FNDA:0,(anonymous_48)
FNDA:0,(anonymous_49)
FNDA:0,(anonymous_50)
FNDA:0,(anonymous_51)
FNDA:0,(anonymous_52)
FNDA:0,(anonymous_53)
FNDA:0,(anonymous_54)
FNDA:0,(anonymous_55)
FNDA:0,(anonymous_56)
FNDA:0,(anonymous_57)
FNDA:0,(anonymous_58)
FNDA:0,(anonymous_59)
FNDA:4,(anonymous_60)
FNDA:0,(anonymous_61)
FNDA:0,(anonymous_62)
FNDA:0,(anonymous_63)
FNDA:2,(anonymous_64)
FNDA:0,(anonymous_65)
FNDA:12,(anonymous_66)
FNDA:1,(anonymous_67)
FNDA:0,(anonymous_68)
FNDA:0,(anonymous_69)
FNDA:1,(anonymous_70)
FNDA:0,(anonymous_71)
FNDA:0,(anonymous_72)
FNDA:0,(anonymous_73)
FNDA:0,(anonymous_74)
FNDA:0,(anonymous_75)
FNDA:0,(anonymous_76)
FNDA:0,(anonymous_77)
FNDA:0,(anonymous_78)
DA:7,2
DA:8,6
DA:9,6
DA:10,6
DA:11,6
DA:12,6
DA:13,6
DA:14,6
DA:15,6
DA:16,6
DA:17,6
DA:19,6
DA:22,6
DA:23,2
DA:24,2
DA:29,2
DA:35,2
DA:36,2
DA:37,2
DA:38,2
DA:40,2
DA:47,2
DA:48,2
DA:49,2
DA:50,2
DA:51,2
DA:54,2
DA:56,2
DA:58,2
DA:59,2
DA:60,2
DA:62,0
DA:63,0
DA:64,0
DA:65,0
DA:66,0
DA:67,0
DA:68,0
DA:69,0
DA:70,0
DA:71,0
DA:72,0
DA:74,0
DA:75,0
DA:77,0
DA:78,0
DA:79,0
DA:81,0
DA:82,0
DA:84,0
DA:88,2
DA:91,6
DA:92,4
DA:95,6
DA:96,5
DA:99,6
DA:100,6
DA:102,6
DA:103,4
DA:104,4
DA:105,0
DA:108,6
DA:109,5
DA:110,5
DA:111,0
DA:115,0
DA:116,0
DA:119,0
DA:120,0
DA:123,0
DA:124,0
DA:127,0
DA:128,0
DA:129,0
DA:130,0
DA:131,0
DA:133,0
DA:134,0
DA:135,0
DA:136,0
DA:137,0
DA:138,0
DA:139,0
DA:140,0
DA:141,0
DA:142,0
DA:143,0
DA:145,0
DA:147,0
DA:149,0
DA:151,0
DA:152,0
DA:156,0
DA:157,0
DA:158,0
DA:159,0
DA:162,0
DA:167,2
DA:168,2
DA:169,2
DA:170,2
DA:172,0
DA:177,0
DA:178,0
DA:179,0
DA:180,0
DA:182,0
DA:183,0
DA:184,0
DA:188,1
DA:192,0
DA:193,0
DA:194,0
DA:195,0
DA:196,0
DA:197,0
DA:198,0
DA:199,0
DA:200,0
DA:201,0
DA:202,0
DA:203,0
DA:205,6
DA:210,6
DA:244,0
DA:245,0
DA:246,2
DA:247,0
DA:289,0
DA:290,0
DA:335,0
DA:351,0
DA:352,0
DA:355,0
DA:356,0
DA:385,0
DA:394,0
DA:444,0
DA:513,0
DA:531,0
DA:572,0
DA:581,0
DA:621,4
DA:622,0
DA:623,0
DA:624,0
DA:625,0
DA:626,0
DA:627,0
DA:629,4
DA:631,4
DA:633,4
DA:667,2
DA:685,0
DA:697,12
DA:705,1
DA:724,0
DA:725,0
DA:726,0
DA:761,1
DA:830,0
DA:860,0
DA:880,0
DA:909,0
DA:916,0
DA:918,0
DA:920,0
DA:922,0
LF:168
LH:60
BRDA:54,0,0,2
BRDA:54,0,1,0
BRDA:56,1,0,2
BRDA:56,1,1,0
BRDA:56,2,0,2
BRDA:56,2,1,0
BRDA:58,3,0,0
BRDA:58,3,1,2
BRDA:58,4,0,2
BRDA:58,4,1,2
BRDA:60,5,0,2
BRDA:60,5,1,0
BRDA:63,6,0,0
BRDA:63,6,1,0
BRDA:64,7,0,0
BRDA:64,7,1,0
BRDA:65,8,0,0
BRDA:65,8,1,0
BRDA:66,9,0,0
BRDA:66,9,1,0
BRDA:67,10,0,0
BRDA:67,10,1,0
BRDA:69,11,0,0
BRDA:69,11,1,0
BRDA:70,12,0,0
BRDA:70,12,1,0
BRDA:77,13,0,0
BRDA:77,13,1,0
BRDA:78,14,0,0
BRDA:78,14,1,0
BRDA:84,15,0,0
BRDA:84,15,1,0
BRDA:84,16,0,0
BRDA:84,16,1,0
BRDA:99,17,0,3
BRDA:99,17,1,0
BRDA:104,18,0,4
BRDA:104,18,1,0
BRDA:110,19,0,5
BRDA:110,19,1,0
BRDA:128,20,0,0
BRDA:128,20,1,0
BRDA:131,21,0,0
BRDA:131,21,1,0
BRDA:131,22,0,0
BRDA:131,22,1,0
BRDA:134,23,0,0
BRDA:134,23,1,0
BRDA:134,24,0,0
BRDA:134,24,1,0
BRDA:134,24,2,0
BRDA:135,25,0,0
BRDA:135,25,1,0
BRDA:136,26,0,0
BRDA:136,26,1,0
BRDA:136,27,0,0
BRDA:136,27,1,0
BRDA:138,28,0,0
BRDA:138,28,1,0
BRDA:138,29,0,0
BRDA:138,29,1,0
BRDA:139,30,0,0
BRDA:139,30,1,0
BRDA:140,31,0,0
BRDA:140,31,1,0
BRDA:141,32,0,0
BRDA:141,32,1,0
BRDA:147,33,0,0
BRDA:147,33,1,0
BRDA:147,34,0,0
BRDA:147,34,1,0
BRDA:152,35,0,0
BRDA:152,35,1,0
BRDA:156,36,0,0
BRDA:156,36,1,0
BRDA:157,37,0,0
BRDA:157,37,1,0
BRDA:157,38,0,0
BRDA:157,38,1,0
BRDA:159,39,0,0
BRDA:159,39,1,0
BRDA:167,40,0,2
BRDA:167,40,1,0
BRDA:167,40,2,0
BRDA:168,41,0,2
BRDA:168,41,1,0
BRDA:168,42,0,2
BRDA:168,42,1,2
BRDA:170,43,0,2
BRDA:170,43,1,0
BRDA:170,44,0,2
BRDA:170,44,1,0
BRDA:172,45,0,0
BRDA:172,45,1,0
BRDA:177,46,0,0
BRDA:177,46,1,0
BRDA:177,46,2,0
BRDA:178,47,0,0
BRDA:178,47,1,0
BRDA:178,48,0,0
BRDA:178,48,1,0
BRDA:179,49,0,0
BRDA:179,49,1,0
BRDA:180,50,0,0
BRDA:180,50,1,0
BRDA:180,51,0,0
BRDA:180,51,1,0
BRDA:192,52,0,0
BRDA:192,52,1,0
BRDA:194,53,0,0
BRDA:194,53,1,0
BRDA:244,54,0,2
BRDA:244,54,1,4
BRDA:245,55,0,0
BRDA:245,55,1,6
BRDA:246,56,0,4
BRDA:246,56,1,2
BRDA:247,57,0,0
BRDA:247,57,1,6
BRDA:250,58,0,6
BRDA:250,58,1,2
BRDA:290,59,0,0
BRDA:290,59,1,0
BRDA:298,60,0,0
BRDA:298,60,1,0
BRDA:318,61,0,0
BRDA:318,61,1,0
BRDA:319,62,0,0
BRDA:319,62,1,0
BRDA:335,63,0,0
BRDA:335,63,1,0
BRDA:370,64,0,6
BRDA:370,64,1,0
BRDA:463,65,0,0
BRDA:463,65,1,0
BRDA:557,66,0,6
BRDA:557,66,1,4
BRDA:621,67,0,4
BRDA:621,67,1,4
BRDA:621,67,2,0
BRDA:622,68,0,0
BRDA:622,68,1,0
BRDA:622,69,0,0
BRDA:622,69,1,0
BRDA:623,70,0,0
BRDA:623,70,1,0
BRDA:623,70,2,0
BRDA:623,71,0,0
BRDA:623,71,1,0
BRDA:624,72,0,0
BRDA:624,72,1,0
BRDA:625,73,0,0
BRDA:625,73,1,0
BRDA:625,73,2,0
BRDA:626,74,0,0
BRDA:626,74,1,0
BRDA:627,75,0,0
BRDA:627,75,1,0
BRDA:629,76,0,4
BRDA:629,76,1,0
BRDA:629,76,2,0
BRDA:643,77,0,4
BRDA:643,77,1,0
BRDA:661,78,0,2
BRDA:661,78,1,2
BRDA:661,79,0,4
BRDA:661,79,1,4
BRDA:661,80,0,0
BRDA:661,80,1,2
BRDA:667,81,0,2
BRDA:667,81,1,0
BRDA:684,82,0,4
BRDA:684,82,1,4
BRDA:684,82,2,4
BRDA:684,83,0,4
BRDA:684,83,1,0
BRDA:685,84,0,0
BRDA:685,84,1,0
BRDA:697,85,0,0
BRDA:697,85,1,12
BRDA:707,86,0,1
BRDA:707,86,1,3
BRDA:708,87,0,1
BRDA:708,87,1,3
BRDA:719,88,0,1
BRDA:719,88,1,3
BRDA:724,89,0,0
BRDA:724,89,1,0
BRDA:724,89,2,0
BRDA:724,90,0,0
BRDA:724,90,1,0
BRDA:725,91,0,0
BRDA:725,91,1,0
BRDA:726,92,0,0
BRDA:726,92,1,0
BRDA:726,93,0,0
BRDA:726,93,1,0
BRDA:726,94,0,0
BRDA:726,94,1,0
BRDA:748,95,0,4
BRDA:748,95,1,1
BRDA:748,95,2,1
BRDA:748,95,3,1
BRDA:760,96,0,1
BRDA:760,96,1,0
BRDA:781,97,0,6
BRDA:781,97,1,0
BRDA:907,98,0,6
BRDA:907,98,1,0
BRDA:911,99,0,0
BRDA:911,99,1,0
BRDA:916,100,0,0
BRDA:916,100,1,0
BRDA:918,101,0,0
BRDA:918,101,1,0
BRDA:920,102,0,0
BRDA:920,102,1,0
BRDA:922,103,0,0
BRDA:922,103,1,0
BRF:219
BRH:55
end_of_record
TN:
SF:src/pages/AdminLogin.js
FN:6,AdminLogin
FN:12,(anonymous_1)
FN:45,(anonymous_2)
FN:51,(anonymous_3)
FNF:4
FNH:0
FNDA:0,AdminLogin
FNDA:0,(anonymous_1)
FNDA:0,(anonymous_2)
FNDA:0,(anonymous_3)
DA:7,0
DA:8,0
DA:9,0
DA:10,0
DA:12,0
DA:13,0
DA:14,0
DA:15,0
DA:16,0
DA:18,0
DA:19,0
DA:20,0
DA:21,0
DA:22,0
DA:23,0
DA:25,0
DA:26,0
DA:27,0
DA:29,0
DA:30,0
DA:32,0
DA:36,0
DA:45,0
DA:51,0
LF:24
LH:0
BRDA:14,0,0,0
BRDA:14,0,1,0
BRDA:14,1,0,0
BRDA:14,1,1,0
BRDA:21,2,0,0
BRDA:21,2,1,0
BRDA:22,3,0,0
BRDA:22,3,1,0
BRDA:25,4,0,0
BRDA:25,4,1,0
BRDA:53,5,0,0
BRDA:53,5,1,0
BRF:12
BRH:0
end_of_record
TN:
SF:src/pages/AdminRegister.js
FN:6,AdminRegister
FN:13,(anonymous_1)
FN:42,(anonymous_2)
FN:48,(anonymous_3)
FN:54,(anonymous_4)
FNF:5
FNH:0
FNDA:0,AdminRegister
FNDA:0,(anonymous_1)
FNDA:0,(anonymous_2)
FNDA:0,(anonymous_3)
FNDA:0,(anonymous_4)
DA:7,0
DA:8,0
DA:9,0
DA:10,0
DA:11,0
DA:13,0
DA:14,0
DA:15,0
DA:16,0
DA:17,0
DA:19,0
DA:20,0
DA:21,0
DA:22,0
DA:23,0
DA:24,0
DA:26,0
DA:27,0
DA:29,0
DA:33,0
DA:42,0
DA:48,0
DA:54,0
LF:23
LH:0
BRDA:15,0,0,0
BRDA:15,0,1,0
BRDA:15,1,0,0
BRDA:15,1,1,0
BRDA:15,1,2,0
BRDA:22,2,0,0
BRDA:22,2,1,0
BRDA:23,3,0,0
BRDA:23,3,1,0
BRDA:56,4,0,0
BRDA:56,4,1,0
BRF:11
BRH:0
end_of_record
TN:
SF:src/pages/CartPage.js
FN:6,CartPage
FN:17,(anonymous_1)
FN:18,(anonymous_2)
FN:21,(anonymous_3)
FN:24,(anonymous_4)
FN:44,(anonymous_5)
FN:50,(anonymous_6)
FN:56,(anonymous_7)
FN:62,(anonymous_8)
FN:75,(anonymous_9)
FN:79,(anonymous_10)
FN:80,(anonymous_11)
FN:81,(anonymous_12)
FNF:13
FNH:8
FNDA:5,CartPage
FNDA:1,(anonymous_1)
FNDA:1,(anonymous_2)
FNDA:1,(anonymous_3)
FNDA:1,(anonymous_4)
FNDA:3,(anonymous_5)
FNDA:0,(anonymous_6)
FNDA:0,(anonymous_7)
FNDA:0,(anonymous_8)
FNDA:1,(anonymous_9)
FNDA:1,(anonymous_10)
FNDA:0,(anonymous_11)
FNDA:0,(anonymous_12)
DA:7,5
DA:8,5
DA:9,5
DA:11,5
DA:13,5
DA:14,2
DA:17,3
DA:18,3
DA:21,3
DA:23,1
DA:24,1
DA:25,1
DA:28,1
DA:29,1
DA:30,1
DA:31,1
DA:32,1
DA:33,1
DA:36,0
DA:40,3
DA:45,3
DA:50,0
DA:56,0
DA:62,0
DA:75,1
DA:79,1
DA:80,0
DA:81,0
LF:28
LH:22
BRDA:13,0,0,2
BRDA:13,0,1,3
BRDA:13,1,0,5
BRDA:13,1,1,5
BRDA:21,2,0,0
BRDA:32,3,0,1
BRDA:32,3,1,0
BRDA:73,4,0,3
BRDA:73,4,1,2
BRDA:79,5,0,1
BRDA:79,5,1,1
BRDA:80,6,0,1
BRDA:80,6,1,1
BRDA:81,7,0,1
BRDA:81,7,1,1
BRF:15
BRH:13
end_of_record
TN:
SF:src/pages/Checkout.js
FN:5,(anonymous_0)
FN:14,(anonymous_1)
FN:18,(anonymous_2)
FN:25,(anonymous_3)
FNF:4
FNH:0
FNDA:0,(anonymous_0)
FNDA:0,(anonymous_1)
FNDA:0,(anonymous_2)
FNDA:0,(anonymous_3)
DA:5,0
DA:6,0
DA:7,0
DA:8,0
DA:14,0
DA:15,0
DA:18,0
DA:19,0
DA:20,0
DA:21,0
DA:22,0
DA:25,0
DA:27,0
LF:13
LH:0
BRDA:20,0,0,0
BRDA:20,0,1,0
BRDA:22,1,0,0
BRDA:22,1,1,0
BRF:4
BRH:0
end_of_record
TN:
SF:src/pages/CustomerDashboard.js
FN:8,(anonymous_0)
FN:17,(anonymous_1)
FN:21,(anonymous_2)
FN:22,(anonymous_3)
FN:24,(anonymous_4)
FN:24,(anonymous_5)
FN:28,(anonymous_6)
FN:34,(anonymous_7)
FN:41,(anonymous_8)
FN:44,(anonymous_9)
FN:49,(anonymous_10)
FN:63,(anonymous_11)
FN:67,(anonymous_12)
FN:86,(anonymous_13)
FN:95,(anonymous_14)
FN:104,(anonymous_15)
FN:108,(anonymous_16)
FN:113,(anonymous_17)
FN:124,(anonymous_18)
FN:132,(anonymous_19)
FN:133,(anonymous_20)
FNF:21
FNH:0
FNDA:0,(anonymous_0)
FNDA:0,(anonymous_1)
FNDA:0,(anonymous_2)
FNDA:0,(anonymous_3)
FNDA:0,(anonymous_4)
FNDA:0,(anonymous_5)
FNDA:0,(anonymous_6)
FNDA:0,(anonymous_7)
FNDA:0,(anonymous_8)
FNDA:0,(anonymous_9)
FNDA:0,(anonymous_10)
FNDA:0,(anonymous_11)
FNDA:0,(anonymous_12)
FNDA:0,(anonymous_13)
FNDA:0,(anonymous_14)
FNDA:0,(anonymous_15)
FNDA:0,(anonymous_16)
FNDA:0,(anonymous_17)
FNDA:0,(anonymous_18)
FNDA:0,(anonymous_19)
FNDA:0,(anonymous_20)
DA:8,0
DA:9,0
DA:10,0
DA:11,0
DA:12,0
DA:13,0
DA:14,0
DA:15,0
DA:17,0
DA:18,0
DA:19,0
DA:21,0
DA:22,0
DA:24,0
DA:25,0
DA:28,0
DA:29,0
DA:32,0
DA:33,0
DA:34,0
DA:38,0
DA:39,0
DA:40,0
DA:41,0
DA:43,0
DA:44,0
DA:48,0
DA:49,0
DA:50,0
DA:51,0
DA:52,0
DA:53,0
DA:54,0
DA:56,0
DA:60,0
DA:63,0
DA:64,0
DA:67,0
DA:69,0
DA:86,0
DA:95,0
DA:104,0
DA:108,0
DA:113,0
DA:125,0
DA:132,0
DA:133,0
LF:47
LH:0
BRDA:18,0,0,0
BRDA:18,0,1,0
BRDA:19,1,0,0
BRDA:19,1,1,0
BRDA:22,2,0,0
BRDA:22,2,1,0
BRDA:24,3,0,0
BRDA:24,3,1,0
BRDA:33,4,0,0
BRDA:33,4,1,0
BRDA:38,5,0,0
BRDA:38,5,1,0
BRDA:39,6,0,0
BRDA:39,6,1,0
BRDA:40,7,0,0
BRDA:40,7,1,0
BRDA:40,8,0,0
BRDA:40,8,1,0
BRDA:43,9,0,0
BRDA:43,9,1,0
BRDA:43,10,0,0
BRDA:43,10,1,0
BRDA:48,11,0,0
BRDA:48,11,1,0
BRDA:51,12,0,0
BRDA:51,12,1,0
BRDA:53,13,0,0
BRDA:53,13,1,0
BRDA:56,14,0,0
BRDA:56,14,1,0
BRDA:121,15,0,0
BRDA:121,15,1,0
BRDA:139,16,0,0
BRDA:139,16,1,0
BRF:34
BRH:0
end_of_record
TN:
SF:src/pages/DeliveryDashboard.js
FN:7,(anonymous_0)
FN:11,(anonymous_1)
FN:14,(anonymous_2)
FN:21,(anonymous_3)
FN:27,(anonymous_4)
FN:28,(anonymous_5)
FN:32,(anonymous_6)
FN:32,(anonymous_7)
FN:33,(anonymous_8)
FN:33,(anonymous_9)
FN:35,(anonymous_10)
FN:37,(anonymous_11)
FN:38,(anonymous_12)
FN:42,claim
FN:44,(anonymous_14)
FN:51,updateStatus
FN:52,(anonymous_16)
FN:55,(anonymous_17)
FN:57,(anonymous_18)
FN:106,(anonymous_19)
FN:112,(anonymous_20)
FN:140,(anonymous_21)
FN:155,(anonymous_22)
FNF:23
FNH:21
FNDA:11,(anonymous_0)
FNDA:2,(anonymous_1)
FNDA:2,(anonymous_2)
FNDA:0,(anonymous_3)
FNDA:9,(anonymous_4)
FNDA:7,(anonymous_5)
FNDA:9,(anonymous_6)
FNDA:7,(anonymous_7)
FNDA:11,(anonymous_8)
FNDA:7,(anonymous_9)
FNDA:11,(anonymous_10)
FNDA:5,(anonymous_11)
FNDA:5,(anonymous_12)
FNDA:2,claim
FNDA:2,(anonymous_14)
FNDA:3,updateStatus
FNDA:3,(anonymous_16)
FNDA:0,(anonymous_17)
FNDA:3,(anonymous_18)
FNDA:2,(anonymous_19)
FNDA:2,(anonymous_20)
FNDA:5,(anonymous_21)
FNDA:3,(anonymous_22)
DA:7,2
DA:8,11
DA:9,11
DA:11,11
DA:12,2
DA:13,2
DA:14,2
DA:15,2
DA:16,2
DA:17,2
DA:19,0
DA:20,0
DA:21,0
DA:22,0
DA:27,11
DA:28,9
DA:29,9
DA:32,11
DA:33,11
DA:35,11
DA:36,11
DA:37,11
DA:38,11
DA:39,11
DA:43,2
DA:44,2
DA:45,2
DA:46,2
DA:47,2
DA:48,2
DA:52,3
DA:53,3
DA:54,0
DA:55,0
DA:57,3
DA:61,11
DA:107,2
DA:112,2
DA:141,5
DA:155,3
LF:40
LH:34
BRDA:12,0,0,2
BRDA:12,0,1,0
BRDA:13,1,0,2
BRDA:13,1,1,0
BRDA:17,2,0,2
BRDA:17,2,1,0
BRDA:19,3,0,0
BRDA:19,3,1,0
BRDA:20,4,0,0
BRDA:20,4,1,0
BRDA:21,5,0,0
BRDA:21,5,1,0
BRDA:32,6,0,7
BRDA:32,6,1,5
BRDA:32,6,2,4
BRDA:37,7,0,5
BRDA:37,7,1,3
BRDA:37,7,2,2
BRDA:43,8,0,0
BRDA:43,8,1,2
BRDA:44,9,0,2
BRDA:44,9,1,0
BRDA:44,10,0,2
BRDA:44,10,1,0
BRDA:46,11,0,2
BRDA:46,11,1,2
BRDA:52,12,0,3
BRDA:52,12,1,3
BRDA:52,12,2,0
BRDA:53,13,0,0
BRDA:53,13,1,3
BRDA:53,14,0,3
BRDA:53,14,1,3
BRDA:55,15,0,0
BRDA:55,15,1,0
BRDA:57,16,0,3
BRDA:57,16,1,0
BRDA:63,17,0,11
BRDA:63,17,1,2
BRDA:68,18,0,9
BRDA:68,18,1,2
BRDA:103,19,0,9
BRDA:103,19,1,2
BRDA:108,20,0,2
BRDA:108,20,1,0
BRDA:137,21,0,6
BRDA:137,21,1,5
BRDA:142,22,0,5
BRDA:142,22,1,0
BRDA:147,23,0,1
BRDA:147,23,1,4
BRDA:148,24,0,1
BRDA:148,24,1,3
BRDA:149,25,0,1
BRDA:149,25,1,2
BRF:55
BRH:36
end_of_record
TN:
SF:src/pages/Login.js
FN:7,Login
FN:12,(anonymous_1)
FN:45,(anonymous_2)
FN:53,(anonymous_3)
FNF:4
FNH:0
FNDA:0,Login
FNDA:0,(anonymous_1)
FNDA:0,(anonymous_2)
FNDA:0,(anonymous_3)
DA:8,0
DA:9,0
DA:10,0
DA:12,0
DA:13,0
DA:14,0
DA:15,0
DA:16,0
DA:18,0
DA:19,0
DA:20,0
DA:21,0
DA:22,0
DA:24,0
DA:25,0
DA:26,0
DA:27,0
DA:28,0
DA:29,0
DA:31,0
DA:35,0
DA:45,0
DA:53,0
LF:23
LH:0
BRDA:14,0,0,0
BRDA:14,0,1,0
BRDA:14,1,0,0
BRDA:14,1,1,0
BRDA:20,2,0,0
BRDA:20,2,1,0
BRDA:21,3,0,0
BRDA:21,3,1,0
BRDA:27,4,0,0
BRDA:27,4,1,0
BRDA:28,5,0,0
BRDA:28,5,1,0
BRF:12
BRH:0
end_of_record
TN:
SF:src/pages/OrderConfirmation.js
FN:8,(anonymous_0)
FN:20,(anonymous_1)
FN:41,(anonymous_2)
FN:51,(anonymous_3)
FNF:4
FNH:0
FNDA:0,(anonymous_0)
FNDA:0,(anonymous_1)
FNDA:0,(anonymous_2)
FNDA:0,(anonymous_3)
DA:8,0
DA:9,0
DA:10,0
DA:11,0
DA:13,0
DA:14,0
DA:20,0
DA:29,0
DA:42,0
DA:51,0
LF:10
LH:0
BRDA:11,0,0,0
BRDA:11,0,1,0
BRDA:13,1,0,0
BRDA:13,1,1,0
BRDA:37,2,0,0
BRDA:37,2,1,0
BRF:6
BRH:0
end_of_record
TN:
SF:src/pages/Profile.js
FN:5,(anonymous_0)
FN:72,(anonymous_1)
FN:93,(anonymous_2)
FN:97,(anonymous_3)
FNF:4
FNH:0
FNDA:0,(anonymous_0)
FNDA:0,(anonymous_1)
FNDA:0,(anonymous_2)
FNDA:0,(anonymous_3)
DA:5,0
DA:6,0
DA:7,0
DA:8,0
DA:9,0
DA:10,0
DA:17,0
DA:73,0
DA:74,0
DA:75,0
DA:77,0
DA:94,0
DA:95,0
DA:98,0
DA:99,0
LF:15
LH:0
BRDA:8,0,0,0
BRDA:8,0,1,0
BRDA:9,1,0,0
BRDA:9,1,1,0
BRDA:48,2,0,0
BRDA:48,2,1,0
BRF:6
BRH:0
end_of_record
TN:
SF:src/pages/Register.js
FN:7,Register
FN:13,(anonymous_1)
FN:49,(anonymous_2)
FN:57,(anonymous_3)
FN:65,(anonymous_4)
FNF:5
FNH:0
FNDA:0,Register
FNDA:0,(anonymous_1)
FNDA:0,(anonymous_2)
FNDA:0,(anonymous_3)
FNDA:0,(anonymous_4)
DA:8,0
DA:9,0
DA:10,0
DA:11,0
DA:13,0
DA:14,0
DA:15,0
DA:16,0
DA:17,0
DA:21,0
DA:22,0
DA:23,0
DA:26,0
DA:27,0
DA:28,0
DA:29,0
DA:30,0
DA:32,0
DA:33,0
DA:35,0
DA:39,0
DA:49,0
DA:57,0
DA:65,0
LF:24
LH:0
BRDA:15,0,0,0
BRDA:15,0,1,0
BRDA:15,1,0,0
BRDA:15,1,1,0
BRDA:15,1,2,0
BRDA:21,2,0,0
BRDA:21,2,1,0
BRDA:28,3,0,0
BRDA:28,3,1,0
BRDA:29,4,0,0
BRDA:29,4,1,0
BRDA:35,5,0,0
BRDA:35,5,1,0
BRDA:35,5,2,0
BRF:14
BRH:0
end_of_record
TN:
SF:src/pages/ShopDashboard.js
FN:4,(anonymous_0)
FNF:1
FNH:0
FNDA:0,(anonymous_0)
DA:4,0
DA:5,0
LF:2
LH:0
BRF:0
BRH:0
end_of_record
